#
# A fatal error has been detected by the Java Runtime Environment:
#
#  EXCEPTION_ACCESS_VIOLATION (0xc0000005) at pc=0x00007fff82079ec6, pid=6692, tid=8200
#
# JRE version: OpenJDK Runtime Environment (17.0.2+8) (build 17.0.2+8-86)
# Java VM: OpenJDK 64-Bit Server VM (17.0.2+8-86, mixed mode, emulated-client, sharing, tiered, compressed oops, compressed class ptrs, g1 gc, windows-amd64)
# Problematic frame:
# V  [jvm.dll+0x389ec6]
#
# No core dump will be written. Minidumps are not enabled by default on client versions of Windows
#
# If you would like to submit a bug report, please visit:
#   https://bugreport.java.com/bugreport/crash.jsp
#

---------------  S U M M A R Y ------------

Command Line: -XX:TieredStopAtLevel=1 -Dspring.output.ansi.enabled=always -Dcom.sun.management.jmxremote -Dspring.jmx.enabled=true -Dspring.liveBeansView.mbeanDomain -Dspring.application.admin.enabled=true -Dmanagement.endpoints.jmx.exposure.include=* -javaagent:C:\Program Files\JetBrains\IntelliJ IDEA 2024.3\lib\idea_rt.jar=5677:C:\Program Files\JetBrains\IntelliJ IDEA 2024.3\bin -Dfile.encoding=UTF-8 ru.kata.spring.boot_security.demo.SpringBootSecurityDemoApplication

Host: Intel(R) Core(TM)2 Duo CPU     E7500  @ 2.93GHz, 2 cores, 7G,  Windows 10 , 64 bit Build 19041 (10.0.19041.4717)
Time: Thu Feb 13 22:14:27 2025 RTZ 2 (s 10 , 64 bit Build 19041 (10.0.19041.4717) elapsed time: 4082.534295 seconds (0d 1h 8m 2s)

---------------  T H R E A D  ---------------

Current thread (0x0000015bae07a570):  JavaThread "http-nio-8080-exec-4" daemon [_thread_in_vm, id=8200, stack(0x0000000ed6500000,0x0000000ed6600000)]

Stack: [0x0000000ed6500000,0x0000000ed6600000],  sp=0x0000000ed65f6c30,  free space=987k
Native frames: (J=compiled Java code, j=interpreted, Vv=VM code, C=native code)
V  [jvm.dll+0x389ec6]
V  [jvm.dll+0x6fecc4]
V  [jvm.dll+0x6ffb6d]
V  [jvm.dll+0x7009ea]
V  [jvm.dll+0x700bae]
V  [jvm.dll+0x23cf81]
V  [jvm.dll+0x23c4a9]
V  [jvm.dll+0x12291d]
V  [jvm.dll+0x37f661]
C  0x0000015ba1f9bb66

Java frames: (J=compiled Java code, j=interpreted, Vv=VM code)
j  org.hibernate.hql.internal.antlr.HqlBaseLexer.<init>(Lantlr/LexerSharedInputState;)V+223
j  org.hibernate.hql.internal.antlr.HqlBaseLexer.<init>(Lantlr/InputBuffer;)V+9
j  org.hibernate.hql.internal.antlr.HqlBaseLexer.<init>(Ljava/io/Reader;)V+9
j  org.hibernate.hql.internal.ast.HqlLexer.<init>(Ljava/io/Reader;)V+2
j  org.hibernate.hql.internal.ast.HqlParser.<init>(Ljava/lang/String;)V+13
j  org.hibernate.hql.internal.ast.HqlParser.getInstance(Ljava/lang/String;)Lorg/hibernate/hql/internal/ast/HqlParser;+5
j  org.hibernate.hql.internal.ast.QueryTranslatorImpl.parse(Z)Lorg/hibernate/hql/internal/ast/HqlParser;+4
j  org.hibernate.hql.internal.ast.QueryTranslatorImpl.doCompile(Ljava/util/Map;ZLjava/lang/String;)V+48
j  org.hibernate.hql.internal.ast.QueryTranslatorImpl.compile(Ljava/util/Map;Z)V+4
j  org.hibernate.engine.query.spi.HQLQueryPlan.<init>(Ljava/lang/String;Ljava/lang/String;ZLjava/util/Map;Lorg/hibernate/engine/spi/SessionFactoryImplementor;Lorg/hibernate/engine/query/spi/EntityGraphQueryHint;)V+169
j  org.hibernate.engine.query.spi.HQLQueryPlan.<init>(Ljava/lang/String;ZLjava/util/Map;Lorg/hibernate/engine/spi/SessionFactoryImplementor;)V+8
j  org.hibernate.boot.internal.SessionFactoryBuilderImpl$$Lambda$863+0x0000000801247ce8.createQueryPlan(Ljava/lang/String;ZLjava/util/Map;Lorg/hibernate/engine/spi/SessionFactoryImplementor;)Lorg/hibernate/engine/query/spi/HQLQueryPlan;+9
j  org.hibernate.engine.query.spi.QueryPlanCache.getHQLQueryPlan(Ljava/lang/String;ZLjava/util/Map;)Lorg/hibernate/engine/query/spi/HQLQueryPlan;+87
j  org.hibernate.internal.AbstractSharedSessionContract.getQueryPlan(Ljava/lang/String;Z)Lorg/hibernate/engine/query/spi/HQLQueryPlan;+18
j  org.hibernate.internal.AbstractSharedSessionContract.createQuery(Ljava/lang/String;)Lorg/hibernate/query/internal/QueryImpl;+20
j  org.hibernate.internal.AbstractSharedSessionContract.createQuery(Ljava/lang/String;Ljava/lang/Class;Ljavax/persistence/criteria/Selection;Lorg/hibernate/jpa/spi/HibernateEntityManagerImplementor$QueryOptions;)Lorg/hibernate/query/spi/QueryImplementor;+2
j  org.hibernate.query.criteria.internal.CriteriaQueryImpl$1.buildCompiledQuery(Lorg/hibernate/engine/spi/SharedSessionContractImplementor;Lorg/hibernate/query/criteria/internal/compile/InterpretedParameterMetadata;)Lorg/hibernate/query/spi/QueryImplementor;+39
j  org.hibernate.query.criteria.internal.compile.CriteriaCompiler.compile(Lorg/hibernate/query/criteria/internal/compile/CompilableCriteria;)Lorg/hibernate/query/spi/QueryImplementor;+124
j  org.hibernate.internal.AbstractSharedSessionContract.createQuery(Ljavax/persistence/criteria/CriteriaQuery;)Lorg/hibernate/query/spi/QueryImplementor;+12
j  org.hibernate.internal.AbstractSharedSessionContract.createQuery(Ljavax/persistence/criteria/CriteriaQuery;)Lorg/hibernate/query/Query;+2
v  ~StubRoutines::call_stub
J 2421  jdk.internal.reflect.NativeMethodAccessorImpl.invoke0(Ljava/lang/reflect/Method;Ljava/lang/Object;[Ljava/lang/Object;)Ljava/lang/Object; java.base@17.0.2 (0 bytes) @ 0x0000015ba24bb327 [0x0000015ba24bb2a0+0x0000000000000087]
J 2420 c1 jdk.internal.reflect.NativeMethodAccessorImpl.invoke(Ljava/lang/Object;[Ljava/lang/Object;)Ljava/lang/Object; java.base@17.0.2 (137 bytes) @ 0x0000015ba24bab94 [0x0000015ba24ba880+0x0000000000000314]
J 2356 c1 jdk.internal.reflect.DelegatingMethodAccessorImpl.invoke(Ljava/lang/Object;[Ljava/lang/Object;)Ljava/lang/Object; java.base@17.0.2 (10 bytes) @ 0x0000015ba249bc64 [0x0000015ba249bc20+0x0000000000000044]
J 2366 c1 java.lang.reflect.Method.invoke(Ljava/lang/Object;[Ljava/lang/Object;)Ljava/lang/Object; java.base@17.0.2 (65 bytes) @ 0x0000015ba249fe64 [0x0000015ba249fd60+0x0000000000000104]
j  org.springframework.orm.jpa.ExtendedEntityManagerCreator$ExtendedEntityManagerInvocationHandler.invoke(Ljava/lang/Object;Ljava/lang/reflect/Method;[Ljava/lang/Object;)Ljava/lang/Object;+474
j  jdk.proxy4.$Proxy104.createQuery(Ljavax/persistence/criteria/CriteriaQuery;)Lorg/hibernate/query/Query;+16 jdk.proxy4
v  ~StubRoutines::call_stub
J 2421  jdk.internal.reflect.NativeMethodAccessorImpl.invoke0(Ljava/lang/reflect/Method;Ljava/lang/Object;[Ljava/lang/Object;)Ljava/lang/Object; java.base@17.0.2 (0 bytes) @ 0x0000015ba24bb327 [0x0000015ba24bb2a0+0x0000000000000087]
J 2420 c1 jdk.internal.reflect.NativeMethodAccessorImpl.invoke(Ljava/lang/Object;[Ljava/lang/Object;)Ljava/lang/Object; java.base@17.0.2 (137 bytes) @ 0x0000015ba24bab94 [0x0000015ba24ba880+0x0000000000000314]
J 2356 c1 jdk.internal.reflect.DelegatingMethodAccessorImpl.invoke(Ljava/lang/Object;[Ljava/lang/Object;)Ljava/lang/Object; java.base@17.0.2 (10 bytes) @ 0x0000015ba249bc64 [0x0000015ba249bc20+0x0000000000000044]
J 2366 c1 java.lang.reflect.Method.invoke(Ljava/lang/Object;[Ljava/lang/Object;)Ljava/lang/Object; java.base@17.0.2 (65 bytes) @ 0x0000015ba249fe64 [0x0000015ba249fd60+0x0000000000000104]
j  org.springframework.orm.jpa.SharedEntityManagerCreator$SharedEntityManagerInvocationHandler.invoke(Ljava/lang/Object;Ljava/lang/reflect/Method;[Ljava/lang/Object;)Ljava/lang/Object;+761
j  jdk.proxy4.$Proxy104.createQuery(Ljavax/persistence/criteria/CriteriaQuery;)Ljavax/persistence/TypedQuery;+16 jdk.proxy4
j  org.springframework.data.jpa.repository.support.SimpleJpaRepository.getQuery(Lorg/springframework/data/jpa/domain/Specification;Ljava/lang/Class;Lorg/springframework/data/domain/Sort;)Ljavax/persistence/TypedQuery;+71
j  org.springframework.data.jpa.repository.support.SimpleJpaRepository.getQuery(Lorg/springframework/data/jpa/domain/Specification;Lorg/springframework/data/domain/Sort;)Ljavax/persistence/TypedQuery;+7
j  org.springframework.data.jpa.repository.support.SimpleJpaRepository.findAll()Ljava/util/List;+5
j  org.springframework.data.jpa.repository.support.SimpleJpaRepository.findAll()Ljava/lang/Iterable;+1
v  ~StubRoutines::call_stub
J 2421  jdk.internal.reflect.NativeMethodAccessorImpl.invoke0(Ljava/lang/reflect/Method;Ljava/lang/Object;[Ljava/lang/Object;)Ljava/lang/Object; java.base@17.0.2 (0 bytes) @ 0x0000015ba24bb327 [0x0000015ba24bb2a0+0x0000000000000087]
J 2420 c1 jdk.internal.reflect.NativeMethodAccessorImpl.invoke(Ljava/lang/Object;[Ljava/lang/Object;)Ljava/lang/Object; java.base@17.0.2 (137 bytes) @ 0x0000015ba24bab94 [0x0000015ba24ba880+0x0000000000000314]
J 2356 c1 jdk.internal.reflect.DelegatingMethodAccessorImpl.invoke(Ljava/lang/Object;[Ljava/lang/Object;)Ljava/lang/Object; java.base@17.0.2 (10 bytes) @ 0x0000015ba249bc64 [0x0000015ba249bc20+0x0000000000000044]
J 2366 c1 java.lang.reflect.Method.invoke(Ljava/lang/Object;[Ljava/lang/Object;)Ljava/lang/Object; java.base@17.0.2 (65 bytes) @ 0x0000015ba249fe64 [0x0000015ba249fd60+0x0000000000000104]
j  org.springframework.data.repository.core.support.RepositoryMethodInvoker$RepositoryFragmentMethodInvoker.lambda$new$0(Lorg/springframework/data/repository/core/support/RepositoryMethodInvoker$RepositoryFragmentMethodInvoker$CoroutineAdapterInformation;Ljava/lang/reflect/Method;Ljava/lang/Object;[Ljava/lang/Object;)Ljava/lang/Object;+38
j  org.springframework.data.repository.core.support.RepositoryMethodInvoker$RepositoryFragmentMethodInvoker$$Lambda$1279+0x00000008014a5ec8.invoke([Ljava/lang/Object;)Ljava/lang/Object;+13
j  org.springframework.data.repository.core.support.RepositoryMethodInvoker.doInvoke(Ljava/lang/Class;Lorg/springframework/data/repository/core/support/RepositoryInvocationMulticaster;[Ljava/lang/Object;)Ljava/lang/Object;+11
j  org.springframework.data.repository.core.support.RepositoryMethodInvoker.invoke(Ljava/lang/Class;Lorg/springframework/data/repository/core/support/RepositoryInvocationMulticaster;[Ljava/lang/Object;)Ljava/lang/Object;+21
j  org.springframework.data.repository.core.support.RepositoryComposition$RepositoryFragments.invoke(Ljava/lang/Class;Lorg/springframework/data/repository/core/support/RepositoryInvocationMulticaster;Ljava/lang/reflect/Method;Ljava/lang/reflect/Method;[Ljava/lang/Object;)Ljava/lang/Object;+113
j  org.springframework.data.repository.core.support.RepositoryComposition.invoke(Lorg/springframework/data/repository/core/support/RepositoryInvocationMulticaster;Ljava/lang/reflect/Method;[Ljava/lang/Object;)Ljava/lang/Object;+84
j  org.springframework.data.repository.core.support.RepositoryFactorySupport$ImplementationMethodExecutionInterceptor.invoke(Lorg/aopalliance/intercept/MethodInvocation;)Ljava/lang/Object;+24
j  org.springframework.aop.framework.ReflectiveMethodInvocation.proceed()Ljava/lang/Object;+120
j  org.springframework.data.repository.core.support.QueryExecutorMethodInterceptor.doInvoke(Lorg/aopalliance/intercept/MethodInvocation;)Ljava/lang/Object;+88
j  org.springframework.data.repository.core.support.QueryExecutorMethodInterceptor.invoke(Lorg/aopalliance/intercept/MethodInvocation;)Ljava/lang/Object;+25
j  org.springframework.aop.framework.ReflectiveMethodInvocation.proceed()Ljava/lang/Object;+120
j  org.springframework.data.projection.DefaultMethodInvokingMethodInterceptor.invoke(Lorg/aopalliance/intercept/MethodInvocation;)Ljava/lang/Object;+15
j  org.springframework.aop.framework.ReflectiveMethodInvocation.proceed()Ljava/lang/Object;+120
j  org.springframework.transaction.interceptor.TransactionInterceptor$1.proceedWithInvocation()Ljava/lang/Object;+4
j  org.springframework.transaction.interceptor.TransactionAspectSupport.invokeWithinTransaction(Ljava/lang/reflect/Method;Ljava/lang/Class;Lorg/springframework/transaction/interceptor/TransactionAspectSupport$InvocationCallback;)Ljava/lang/Object;+291
j  org.springframework.transaction.interceptor.TransactionInterceptor.invoke(Lorg/aopalliance/intercept/MethodInvocation;)Ljava/lang/Object;+40
j  org.springframework.aop.framework.ReflectiveMethodInvocation.proceed()Ljava/lang/Object;+120
j  org.springframework.dao.support.PersistenceExceptionTranslationInterceptor.invoke(Lorg/aopalliance/intercept/MethodInvocation;)Ljava/lang/Object;+1
j  org.springframework.aop.framework.ReflectiveMethodInvocation.proceed()Ljava/lang/Object;+120
j  org.springframework.data.jpa.repository.support.CrudMethodMetadataPostProcessor$CrudMethodMetadataPopulatingMethodInterceptor.invoke(Lorg/aopalliance/intercept/MethodInvocation;)Ljava/lang/Object;+139
j  org.springframework.aop.framework.ReflectiveMethodInvocation.proceed()Ljava/lang/Object;+120
j  org.springframework.aop.interceptor.ExposeInvocationInterceptor.invoke(Lorg/aopalliance/intercept/MethodInvocation;)Ljava/lang/Object;+18
j  org.springframework.aop.framework.ReflectiveMethodInvocation.proceed()Ljava/lang/Object;+120
j  org.springframework.aop.framework.JdkDynamicAopProxy.invoke(Ljava/lang/Object;Ljava/lang/reflect/Method;[Ljava/lang/Object;)Ljava/lang/Object;+386
j  jdk.proxy4.$Proxy115.findAll()Ljava/util/List;+9 jdk.proxy4
j  ru.kata.spring.boot_security.demo.service.RoleServiceImpl.findAll()Ljava/util/List;+4
j  ru.kata.spring.boot_security.demo.controller.AdminPanelController.viewAdminPanel(Ljava/security/Principal;Lorg/springframework/ui/ModelMap;)Ljava/lang/String;+45
v  ~StubRoutines::call_stub
J 2421  jdk.internal.reflect.NativeMethodAccessorImpl.invoke0(Ljava/lang/reflect/Method;Ljava/lang/Object;[Ljava/lang/Object;)Ljava/lang/Object; java.base@17.0.2 (0 bytes) @ 0x0000015ba24bb327 [0x0000015ba24bb2a0+0x0000000000000087]
J 2420 c1 jdk.internal.reflect.NativeMethodAccessorImpl.invoke(Ljava/lang/Object;[Ljava/lang/Object;)Ljava/lang/Object; java.base@17.0.2 (137 bytes) @ 0x0000015ba24bab94 [0x0000015ba24ba880+0x0000000000000314]
J 2356 c1 jdk.internal.reflect.DelegatingMethodAccessorImpl.invoke(Ljava/lang/Object;[Ljava/lang/Object;)Ljava/lang/Object; java.base@17.0.2 (10 bytes) @ 0x0000015ba249bc64 [0x0000015ba249bc20+0x0000000000000044]
J 2366 c1 java.lang.reflect.Method.invoke(Ljava/lang/Object;[Ljava/lang/Object;)Ljava/lang/Object; java.base@17.0.2 (65 bytes) @ 0x0000015ba249fe64 [0x0000015ba249fd60+0x0000000000000104]
j  org.springframework.web.method.support.InvocableHandlerMethod.doInvoke([Ljava/lang/Object;)Ljava/lang/Object;+28
j  org.springframework.web.method.support.InvocableHandlerMethod.invokeForRequest(Lorg/springframework/web/context/request/NativeWebRequest;Lorg/springframework/web/method/support/ModelAndViewContainer;[Ljava/lang/Object;)Ljava/lang/Object;+54
j  org.springframework.web.servlet.mvc.method.annotation.ServletInvocableHandlerMethod.invokeAndHandle(Lorg/springframework/web/context/request/ServletWebRequest;Lorg/springframework/web/method/support/ModelAndViewContainer;[Ljava/lang/Object;)V+4
j  org.springframework.web.servlet.mvc.method.annotation.RequestMappingHandlerAdapter.invokeHandlerMethod(Ljavax/servlet/http/HttpServletRequest;Ljavax/servlet/http/HttpServletResponse;Lorg/springframework/web/method/HandlerMethod;)Lorg/springframework/web/servlet/ModelAndView;+244
j  org.springframework.web.servlet.mvc.method.annotation.RequestMappingHandlerAdapter.handleInternal(Ljavax/servlet/http/HttpServletRequest;Ljavax/servlet/http/HttpServletResponse;Lorg/springframework/web/method/HandlerMethod;)Lorg/springframework/web/servlet/ModelAndView;+81
j  org.springframework.web.servlet.mvc.method.AbstractHandlerMethodAdapter.handle(Ljavax/servlet/http/HttpServletRequest;Ljavax/servlet/http/HttpServletResponse;Ljava/lang/Object;)Lorg/springframework/web/servlet/ModelAndView;+7
j  org.springframework.web.servlet.DispatcherServlet.doDispatch(Ljavax/servlet/http/HttpServletRequest;Ljavax/servlet/http/HttpServletResponse;)V+259
j  org.springframework.web.servlet.DispatcherServlet.doService(Ljavax/servlet/http/HttpServletRequest;Ljavax/servlet/http/HttpServletResponse;)V+241
j  org.springframework.web.servlet.FrameworkServlet.processRequest(Ljavax/servlet/http/HttpServletRequest;Ljavax/servlet/http/HttpServletResponse;)V+71
j  org.springframework.web.servlet.FrameworkServlet.doGet(Ljavax/servlet/http/HttpServletRequest;Ljavax/servlet/http/HttpServletResponse;)V+3
j  javax.servlet.http.HttpServlet.service(Ljavax/servlet/http/HttpServletRequest;Ljavax/servlet/http/HttpServletResponse;)V+35
j  org.springframework.web.servlet.FrameworkServlet.service(Ljavax/servlet/http/HttpServletRequest;Ljavax/servlet/http/HttpServletResponse;)V+33
j  javax.servlet.http.HttpServlet.service(Ljavax/servlet/ServletRequest;Ljavax/servlet/ServletResponse;)V+36
j  org.apache.catalina.core.ApplicationFilterChain.internalDoFilter(Ljavax/servlet/ServletRequest;Ljavax/servlet/ServletResponse;)V+304
j  org.apache.catalina.core.ApplicationFilterChain.doFilter(Ljavax/servlet/ServletRequest;Ljavax/servlet/ServletResponse;)V+99
j  org.apache.tomcat.websocket.server.WsFilter.doFilter(Ljavax/servlet/ServletRequest;Ljavax/servlet/ServletResponse;Ljavax/servlet/FilterChain;)V+21
j  org.apache.catalina.core.ApplicationFilterChain.internalDoFilter(Ljavax/servlet/ServletRequest;Ljavax/servlet/ServletResponse;)V+135
j  org.apache.catalina.core.ApplicationFilterChain.doFilter(Ljavax/servlet/ServletRequest;Ljavax/servlet/ServletResponse;)V+99
J 6515 c1 org.springframework.security.web.FilterChainProxy$VirtualFilterChain.doFilter(Ljavax/servlet/ServletRequest;Ljavax/servlet/ServletResponse;)V (142 bytes) @ 0x0000015ba2b90074 [0x0000015ba2b8faa0+0x00000000000005d4]
j  org.springframework.security.web.access.intercept.FilterSecurityInterceptor.invoke(Lorg/springframework/security/web/FilterInvocation;)V+79
j  org.springframework.security.web.access.intercept.FilterSecurityInterceptor.doFilter(Ljavax/servlet/ServletRequest;Ljavax/servlet/ServletResponse;Ljavax/servlet/FilterChain;)V+11
J 6515 c1 org.springframework.security.web.FilterChainProxy$VirtualFilterChain.doFilter(Ljavax/servlet/ServletRequest;Ljavax/servlet/ServletResponse;)V (142 bytes) @ 0x0000015ba2b8ffe4 [0x0000015ba2b8faa0+0x0000000000000544]
j  org.springframework.security.web.access.ExceptionTranslationFilter.doFilter(Ljavax/servlet/http/HttpServletRequest;Ljavax/servlet/http/HttpServletResponse;Ljavax/servlet/FilterChain;)V+3
j  org.springframework.security.web.access.ExceptionTranslationFilter.doFilter(Ljavax/servlet/ServletRequest;Ljavax/servlet/ServletResponse;Ljavax/servlet/FilterChain;)V+10
J 6515 c1 org.springframework.security.web.FilterChainProxy$VirtualFilterChain.doFilter(Ljavax/servlet/ServletRequest;Ljavax/servlet/ServletResponse;)V (142 bytes) @ 0x0000015ba2b8ffe4 [0x0000015ba2b8faa0+0x0000000000000544]
j  org.springframework.security.web.session.SessionManagementFilter.doFilter(Ljavax/servlet/http/HttpServletRequest;Ljavax/servlet/http/HttpServletResponse;Ljavax/servlet/FilterChain;)V+210
j  org.springframework.security.web.session.SessionManagementFilter.doFilter(Ljavax/servlet/ServletRequest;Ljavax/servlet/ServletResponse;Ljavax/servlet/FilterChain;)V+10
J 6515 c1 org.springframework.security.web.FilterChainProxy$VirtualFilterChain.doFilter(Ljavax/servlet/ServletRequest;Ljavax/servlet/ServletResponse;)V (142 bytes) @ 0x0000015ba2b8ffe4 [0x0000015ba2b8faa0+0x0000000000000544]
j  org.springframework.security.web.authentication.AnonymousAuthenticationFilter.doFilter(Ljavax/servlet/ServletRequest;Ljavax/servlet/ServletResponse;Ljavax/servlet/FilterChain;)V+118
J 6515 c1 org.springframework.security.web.FilterChainProxy$VirtualFilterChain.doFilter(Ljavax/servlet/ServletRequest;Ljavax/servlet/ServletResponse;)V (142 bytes) @ 0x0000015ba2b8ffe4 [0x0000015ba2b8faa0+0x0000000000000544]
j  org.springframework.security.web.servletapi.SecurityContextHolderAwareRequestFilter.doFilter(Ljavax/servlet/ServletRequest;Ljavax/servlet/ServletResponse;Ljavax/servlet/FilterChain;)V+19
J 6515 c1 org.springframework.security.web.FilterChainProxy$VirtualFilterChain.doFilter(Ljavax/servlet/ServletRequest;Ljavax/servlet/ServletResponse;)V (142 bytes) @ 0x0000015ba2b8ffe4 [0x0000015ba2b8faa0+0x0000000000000544]
j  org.springframework.security.web.savedrequest.RequestCacheAwareFilter.doFilter(Ljavax/servlet/ServletRequest;Ljavax/servlet/ServletResponse;Ljavax/servlet/FilterChain;)V+32
J 6515 c1 org.springframework.security.web.FilterChainProxy$VirtualFilterChain.doFilter(Ljavax/servlet/ServletRequest;Ljavax/servlet/ServletResponse;)V (142 bytes) @ 0x0000015ba2b8ffe4 [0x0000015ba2b8faa0+0x0000000000000544]
j  org.springframework.security.web.authentication.ui.DefaultLogoutPageGeneratingFilter.doFilterInternal(Ljavax/servlet/http/HttpServletRequest;Ljavax/servlet/http/HttpServletResponse;Ljavax/servlet/FilterChain;)V+55
j  org.springframework.web.filter.OncePerRequestFilter.doFilter(Ljavax/servlet/ServletRequest;Ljavax/servlet/ServletResponse;Ljavax/servlet/FilterChain;)V+147
J 6515 c1 org.springframework.security.web.FilterChainProxy$VirtualFilterChain.doFilter(Ljavax/servlet/ServletRequest;Ljavax/servlet/ServletResponse;)V (142 bytes) @ 0x0000015ba2b8ffe4 [0x0000015ba2b8faa0+0x0000000000000544]
j  org.springframework.security.web.authentication.ui.DefaultLoginPageGeneratingFilter.doFilter(Ljavax/servlet/http/HttpServletRequest;Ljavax/servlet/http/HttpServletResponse;Ljavax/servlet/FilterChain;)V+81
j  org.springframework.security.web.authentication.ui.DefaultLoginPageGeneratingFilter.doFilter(Ljavax/servlet/ServletRequest;Ljavax/servlet/ServletResponse;Ljavax/servlet/FilterChain;)V+10
J 6515 c1 org.springframework.security.web.FilterChainProxy$VirtualFilterChain.doFilter(Ljavax/servlet/ServletRequest;Ljavax/servlet/ServletResponse;)V (142 bytes) @ 0x0000015ba2b8ffe4 [0x0000015ba2b8faa0+0x0000000000000544]
j  org.springframework.security.web.authentication.AbstractAuthenticationProcessingFilter.doFilter(Ljavax/servlet/http/HttpServletRequest;Ljavax/servlet/http/HttpServletResponse;Ljavax/servlet/FilterChain;)V+12
j  org.springframework.security.web.authentication.AbstractAuthenticationProcessingFilter.doFilter(Ljavax/servlet/ServletRequest;Ljavax/servlet/ServletResponse;Ljavax/servlet/FilterChain;)V+10
J 6515 c1 org.springframework.security.web.FilterChainProxy$VirtualFilterChain.doFilter(Ljavax/servlet/ServletRequest;Ljavax/servlet/ServletResponse;)V (142 bytes) @ 0x0000015ba2b8ffe4 [0x0000015ba2b8faa0+0x0000000000000544]
j  org.springframework.security.web.authentication.logout.LogoutFilter.doFilter(Ljavax/servlet/http/HttpServletRequest;Ljavax/servlet/http/HttpServletResponse;Ljavax/servlet/FilterChain;)V+77
j  org.springframework.security.web.authentication.logout.LogoutFilter.doFilter(Ljavax/servlet/ServletRequest;Ljavax/servlet/ServletResponse;Ljavax/servlet/FilterChain;)V+10
J 6515 c1 org.springframework.security.web.FilterChainProxy$VirtualFilterChain.doFilter(Ljavax/servlet/ServletRequest;Ljavax/servlet/ServletResponse;)V (142 bytes) @ 0x0000015ba2b8ffe4 [0x0000015ba2b8faa0+0x0000000000000544]
j  org.springframework.security.web.header.HeaderWriterFilter.doHeadersAfter(Ljavax/servlet/http/HttpServletRequest;Ljavax/servlet/http/HttpServletResponse;Ljavax/servlet/FilterChain;)V+29
j  org.springframework.security.web.header.HeaderWriterFilter.doFilterInternal(Ljavax/servlet/http/HttpServletRequest;Ljavax/servlet/http/HttpServletResponse;Ljavax/servlet/FilterChain;)V+21
j  org.springframework.web.filter.OncePerRequestFilter.doFilter(Ljavax/servlet/ServletRequest;Ljavax/servlet/ServletResponse;Ljavax/servlet/FilterChain;)V+147
J 6515 c1 org.springframework.security.web.FilterChainProxy$VirtualFilterChain.doFilter(Ljavax/servlet/ServletRequest;Ljavax/servlet/ServletResponse;)V (142 bytes) @ 0x0000015ba2b8ffe4 [0x0000015ba2b8faa0+0x0000000000000544]
j  org.springframework.security.web.context.SecurityContextPersistenceFilter.doFilter(Ljavax/servlet/http/HttpServletRequest;Ljavax/servlet/http/HttpServletResponse;Ljavax/servlet/FilterChain;)V+181
j  org.springframework.security.web.context.SecurityContextPersistenceFilter.doFilter(Ljavax/servlet/ServletRequest;Ljavax/servlet/ServletResponse;Ljavax/servlet/FilterChain;)V+10
J 6515 c1 org.springframework.security.web.FilterChainProxy$VirtualFilterChain.doFilter(Ljavax/servlet/ServletRequest;Ljavax/servlet/ServletResponse;)V (142 bytes) @ 0x0000015ba2b8ffe4 [0x0000015ba2b8faa0+0x0000000000000544]
j  org.springframework.security.web.context.request.async.WebAsyncManagerIntegrationFilter.doFilterInternal(Ljavax/servlet/http/HttpServletRequest;Ljavax/servlet/http/HttpServletResponse;Ljavax/servlet/FilterChain;)V+42
j  org.springframework.web.filter.OncePerRequestFilter.doFilter(Ljavax/servlet/ServletRequest;Ljavax/servlet/ServletResponse;Ljavax/servlet/FilterChain;)V+147
J 6515 c1 org.springframework.security.web.FilterChainProxy$VirtualFilterChain.doFilter(Ljavax/servlet/ServletRequest;Ljavax/servlet/ServletResponse;)V (142 bytes) @ 0x0000015ba2b8ffe4 [0x0000015ba2b8faa0+0x0000000000000544]
j  org.springframework.security.web.FilterChainProxy.doFilterInternal(Ljavax/servlet/ServletRequest;Ljavax/servlet/ServletResponse;Ljavax/servlet/FilterChain;)V+148
j  org.springframework.security.web.FilterChainProxy.doFilter(Ljavax/servlet/ServletRequest;Ljavax/servlet/ServletResponse;Ljavax/servlet/FilterChain;)V+48
j  org.springframework.web.filter.DelegatingFilterProxy.invokeDelegate(Ljavax/servlet/Filter;Ljavax/servlet/ServletRequest;Ljavax/servlet/ServletResponse;Ljavax/servlet/FilterChain;)V+5
j  org.springframework.web.filter.DelegatingFilterProxy.doFilter(Ljavax/servlet/ServletRequest;Ljavax/servlet/ServletResponse;Ljavax/servlet/FilterChain;)V+85
j  org.apache.catalina.core.ApplicationFilterChain.internalDoFilter(Ljavax/servlet/ServletRequest;Ljavax/servlet/ServletResponse;)V+135
j  org.apache.catalina.core.ApplicationFilterChain.doFilter(Ljavax/servlet/ServletRequest;Ljavax/servlet/ServletResponse;)V+99
j  org.springframework.web.filter.RequestContextFilter.doFilterInternal(Ljavax/servlet/http/HttpServletRequest;Ljavax/servlet/http/HttpServletResponse;Ljavax/servlet/FilterChain;)V+21
j  org.springframework.web.filter.OncePerRequestFilter.doFilter(Ljavax/servlet/ServletRequest;Ljavax/servlet/ServletResponse;Ljavax/servlet/FilterChain;)V+147
j  org.apache.catalina.core.ApplicationFilterChain.internalDoFilter(Ljavax/servlet/ServletRequest;Ljavax/servlet/ServletResponse;)V+135
j  org.apache.catalina.core.ApplicationFilterChain.doFilter(Ljavax/servlet/ServletRequest;Ljavax/servlet/ServletResponse;)V+99
j  org.springframework.web.filter.FormContentFilter.doFilterInternal(Ljavax/servlet/http/HttpServletRequest;Ljavax/servlet/http/HttpServletResponse;Ljavax/servlet/FilterChain;)V+38
j  org.springframework.web.filter.OncePerRequestFilter.doFilter(Ljavax/servlet/ServletRequest;Ljavax/servlet/ServletResponse;Ljavax/servlet/FilterChain;)V+147
j  org.apache.catalina.core.ApplicationFilterChain.internalDoFilter(Ljavax/servlet/ServletRequest;Ljavax/servlet/ServletResponse;)V+135
j  org.apache.catalina.core.ApplicationFilterChain.doFilter(Ljavax/servlet/ServletRequest;Ljavax/servlet/ServletResponse;)V+99
j  org.springframework.web.filter.CharacterEncodingFilter.doFilterInternal(Ljavax/servlet/http/HttpServletRequest;Ljavax/servlet/http/HttpServletResponse;Ljavax/servlet/FilterChain;)V+53
j  org.springframework.web.filter.OncePerRequestFilter.doFilter(Ljavax/servlet/ServletRequest;Ljavax/servlet/ServletResponse;Ljavax/servlet/FilterChain;)V+147
j  org.apache.catalina.core.ApplicationFilterChain.internalDoFilter(Ljavax/servlet/ServletRequest;Ljavax/servlet/ServletResponse;)V+135
j  org.apache.catalina.core.ApplicationFilterChain.doFilter(Ljavax/servlet/ServletRequest;Ljavax/servlet/ServletResponse;)V+99
j  org.apache.catalina.core.StandardWrapperValve.invoke(Lorg/apache/catalina/connector/Request;Lorg/apache/catalina/connector/Response;)V+694
j  org.apache.catalina.core.StandardContextValve.invoke(Lorg/apache/catalina/connector/Request;Lorg/apache/catalina/connector/Response;)V+169
j  org.apache.catalina.authenticator.AuthenticatorBase.invoke(Lorg/apache/catalina/connector/Request;Lorg/apache/catalina/connector/Response;)V+260
j  org.apache.catalina.core.StandardHostValve.invoke(Lorg/apache/catalina/connector/Request;Lorg/apache/catalina/connector/Response;)V+128
j  org.apache.catalina.valves.ErrorReportValve.invoke(Lorg/apache/catalina/connector/Request;Lorg/apache/catalina/connector/Response;)V+6
j  org.apache.catalina.core.StandardEngineValve.invoke(Lorg/apache/catalina/connector/Request;Lorg/apache/catalina/connector/Response;)V+59
j  org.apache.catalina.connector.CoyoteAdapter.service(Lorg/apache/coyote/Request;Lorg/apache/coyote/Response;)V+199
j  org.apache.coyote.http11.Http11Processor.service(Lorg/apache/tomcat/util/net/SocketWrapperBase;)Lorg/apache/tomcat/util/net/AbstractEndpoint$Handler$SocketState;+737
j  org.apache.coyote.AbstractProcessorLight.process(Lorg/apache/tomcat/util/net/SocketWrapperBase;Lorg/apache/tomcat/util/net/SocketEvent;)Lorg/apache/tomcat/util/net/AbstractEndpoint$Handler$SocketState;+170
j  org.apache.coyote.AbstractProtocol$ConnectionHandler.process(Lorg/apache/tomcat/util/net/SocketWrapperBase;Lorg/apache/tomcat/util/net/SocketEvent;)Lorg/apache/tomcat/util/net/AbstractEndpoint$Handler$SocketState;+505
j  org.apache.tomcat.util.net.NioEndpoint$SocketProcessor.doRun()V+216
j  org.apache.tomcat.util.net.SocketProcessorBase.run()V+21
j  org.apache.tomcat.util.threads.ThreadPoolExecutor.runWorker(Lorg/apache/tomcat/util/threads/ThreadPoolExecutor$Worker;)V+92
j  org.apache.tomcat.util.threads.ThreadPoolExecutor$Worker.run()V+5
j  org.apache.tomcat.util.threads.TaskThread$WrappingRunnable.run()V+4
j  java.lang.Thread.run()V+11 java.base@17.0.2
v  ~StubRoutines::call_stub

siginfo: EXCEPTION_ACCESS_VIOLATION (0xc0000005), reading address 0x000000000000000c


Register to memory mapping:

RIP=0x00007fff82079ec6 jvm.dll
RAX=0x000000000000000c is an unknown value
RBX=
[error occurred during error reporting (printing register info), id 0xc0000005, EXCEPTION_ACCESS_VIOLATION (0xc0000005) at pc=0x00007fff81fbf346]

Registers:
RAX=0x000000000000000c, RBX=0x0000000085f38201, RCX=0x0000000000000008, RDX=0x0000000000000000
RSP=0x0000000ed65f6c30, RBP=0x0000000000000000, RSI=0x0000000085f382f0, RDI=0x00000000816552f0
R8 =0x0000000000000001, R9 =0x0000000000000010, R10=0x000000000000000c, R11=0x1e13640000000130
R12=0x0000000000000001, R13=0x0000015bae07a570, R14=0x0000015b9a76f220, R15=0x0000015bab948c60
RIP=0x00007fff82079ec6, EFLAGS=0x0000000000010202

Top of Stack: (sp=0x0000000ed65f6c30)
0x0000000ed65f6c30:   000057bfe390f357 00000000b294dd18
0x0000000ed65f6c40:   0000000000000001 00007fff82332553
0x0000000ed65f6c50:   0000000000000000 00007fff823eecc4
0x0000000ed65f6c60:   0000015bb11cdb30 0000000ed65f6d40
0x0000000ed65f6c70:   0000000ed65f6d38 00007fff82350b71
0x0000000ed65f6c80:   0000015bae413778 0000015bae413770
0x0000000ed65f6c90:   0000000000000000 0000015b9a741c90
0x0000000ed65f6ca0:   0000000ed65f6d38 0000000011352efc
0x0000000ed65f6cb0:   0000015bae07a570 00000000000003d8
0x0000000ed65f6cc0:   0000015bad09fd28 0000015bb0e8be68
0x0000000ed65f6cd0:   0000015bad09f950 0000000000000000
0x0000000ed65f6ce0:   0000000000000000 00007fff823efb6d
0x0000000ed65f6cf0:   0000015bb11cdb30 0000000000000000
0x0000000ed65f6d00:   0000000ed65f6d40 0000000011352efc
0x0000000ed65f6d10:   0000000ed65f6d30 0000000ed65f6dd0
0x0000000ed65f6d20:   0000000000000000 0000015bae07a570 

Instructions: (pc=0x00007fff82079ec6)
0x00007fff82079dc6:   3b 05 3c 0e 78 00 75 1f 0f b7 43 0c 0f b7 4b 0e
0x00007fff82079dd6:   c1 e1 10 0b c8 0f b6 45 11 48 63 d1 48 c1 fa 02
0x00007fff82079de6:   24 01 88 04 3a eb 2b 48 8b ce e8 5b a7 e3 ff 48
0x00007fff82079df6:   3b 05 14 0e 78 00 75 1a 0f b7 43 0c 0f b7 4b 0e
0x00007fff82079e06:   c1 e1 10 0b c8 8b 45 14 48 63 c9 48 c1 f9 02 89
0x00007fff82079e16:   04 39 48 8b 5c 24 30 48 8b 6c 24 38 48 8b 74 24
0x00007fff82079e26:   40 48 83 c4 20 5f c3 cc cc cc 48 63 05 4d 1e 76
0x00007fff82079e36:   00 0f b6 04 08 c3 cc cc cc cc 48 89 5c 24 08 48
0x00007fff82079e46:   89 74 24 10 57 48 83 ec 20 48 8b fa 48 8b d9 48
0x00007fff82079e56:   63 15 6c 1b 76 00 ff 15 fe b1 6f 00 4c 63 05 6b
0x00007fff82079e66:   1b 76 00 48 8b cf 48 63 15 55 1b 76 00 48 8b f0
0x00007fff82079e76:   41 80 3c 18 00 0f 94 c3 ff 15 dc b1 6f 00 48 63
0x00007fff82079e86:   0d 49 1b 76 00 48 8b d0 80 3c 39 00 0f 94 c1 3a
0x00007fff82079e96:   d9 75 58 48 3b f0 74 65 44 0f b6 05 fd 0a 76 00
0x00007fff82079ea6:   41 b9 10 00 00 00 45 84 c0 41 ba 0c 00 00 00 41
0x00007fff82079eb6:   8b c1 41 0f 45 c2 8b 0c 30 41 8b c1 41 0f 45 c2
0x00007fff82079ec6:   3b 0c 10 75 26 45 84 c0 41 8b c1 b9 18 00 00 00
0x00007fff82079ed6:   41 0f 45 c2 41 0f 45 c9 4c 63 04 10 48 03 d1 48
0x00007fff82079ee6:   03 ce e8 bd 2b 4a 00 85 c0 74 12 32 c0 48 8b 5c
0x00007fff82079ef6:   24 30 48 8b 74 24 38 48 83 c4 20 5f c3 48 8b 5c
0x00007fff82079f06:   24 30 b0 01 48 8b 74 24 38 48 83 c4 20 5f c3 cc
0x00007fff82079f16:   cc cc cc cc cc cc cc cc cc cc 48 89 5c 24 08 48
0x00007fff82079f26:   89 6c 24 10 48 89 74 24 18 57 48 83 ec 20 48 8b
0x00007fff82079f36:   da 49 63 f8 48 63 15 87 1a 76 00 48 8b f1 ff 15
0x00007fff82079f46:   16 b1 6f 00 44 0f b6 1d 51 0a 76 00 45 33 c9 4c
0x00007fff82079f56:   63 05 78 1a 76 00 4c 8b d0 bd 10 00 00 00 48 85
0x00007fff82079f66:   c0 75 05 41 8b d1 eb 1e 45 84 db 48 8b c5 b9 0c
0x00007fff82079f76:   00 00 00 48 0f 45 c1 42 8b 14 10 d1 fa 45 38 0c
0x00007fff82079f86:   30 42 0f 44 14 10 3b d7 75 6b 48 8b d7 85 ff 7e
0x00007fff82079f96:   60 45 38 0c 30 74 2b 0f 1f 00 45 84 db b8 18 00
0x00007fff82079fa6:   00 00 48 0f 45 c5 4a 8d 04 48 42 0f b7 0c 10 66
0x00007fff82079fb6:   42 3b 0c 4b 75 3f 49 ff c1 4c 3b ca 7c dc b0 01 


Stack slot to memory mapping:
stack at sp + 0 slots: 0x000057bfe390f357 is an unknown value
stack at sp + 1 slots: 0x00000000b294dd18 is an unallocated location in the heap
stack at sp + 2 slots: 0x0000000000000001 is an unknown value
stack at sp + 3 slots: 0x00007fff82332553 jvm.dll
stack at sp + 4 slots: 0x0 is NULL
stack at sp + 5 slots: 0x00007fff823eecc4 jvm.dll
stack at sp + 6 slots: 0x0000015bb11cdb30 points into unknown readable memory: 0x0000000000000000 | 00 00 00 00 00 00 00 00
stack at sp + 7 slots: 0x0000000ed65f6d40 is pointing into the stack for thread: 0x0000015bae07a570


---------------  P R O C E S S  ---------------

Threads class SMR info:
_java_thread_list=0x0000015bb1025710, length=35, elements={
0x0000015bab9cd5f0, 0x0000015bab9ce460, 0x0000015bab9e4200, 0x0000015bab9e6f80,
0x0000015bab9e8940, 0x0000015bab9e92f0, 0x0000015bab9e9d50, 0x0000015baba1b1f0,
0x0000015bab9b82a0, 0x0000015bac7c9f10, 0x0000015bac7c0a20, 0x0000015baccb9060,
0x0000015bace9b010, 0x0000015bacc40e80, 0x0000015bad0626e0, 0x0000015bad062bb0,
0x0000015bad063080, 0x0000015bae07b8b0, 0x0000015bae074060, 0x0000015bae077080,
0x0000015bae077550, 0x0000015bae077a20, 0x0000015bae077ef0, 0x0000015bae079bd0,
0x0000015bae074ed0, 0x0000015bae079230, 0x0000015bae0766e0, 0x0000015bae07a570,
0x0000015bae0783c0, 0x0000015bae078890, 0x0000015bae07aa40, 0x0000015bae07af10,
0x0000015bae074530, 0x0000015bae07b3e0, 0x0000015bae075d40
}

Java Threads: ( => current thread )
  0x0000015bab9cd5f0 JavaThread "Reference Handler" daemon [_thread_blocked, id=6052, stack(0x0000000ed6e00000,0x0000000ed6f00000)]
  0x0000015bab9ce460 JavaThread "Finalizer" daemon [_thread_blocked, id=7748, stack(0x0000000ed6f00000,0x0000000ed7000000)]
  0x0000015bab9e4200 JavaThread "Signal Dispatcher" daemon [_thread_blocked, id=5992, stack(0x0000000ed7000000,0x0000000ed7100000)]
  0x0000015bab9e6f80 JavaThread "Attach Listener" daemon [_thread_blocked, id=5952, stack(0x0000000ed7100000,0x0000000ed7200000)]
  0x0000015bab9e8940 JavaThread "Service Thread" daemon [_thread_blocked, id=5936, stack(0x0000000ed7200000,0x0000000ed7300000)]
  0x0000015bab9e92f0 JavaThread "Monitor Deflation Thread" daemon [_thread_blocked, id=8228, stack(0x0000000ed7300000,0x0000000ed7400000)]
  0x0000015bab9e9d50 JavaThread "C1 CompilerThread0" daemon [_thread_blocked, id=8236, stack(0x0000000ed7400000,0x0000000ed7500000)]
  0x0000015baba1b1f0 JavaThread "Sweeper thread" daemon [_thread_blocked, id=8692, stack(0x0000000ed7500000,0x0000000ed7600000)]
  0x0000015bab9b82a0 JavaThread "Common-Cleaner" daemon [_thread_blocked, id=3428, stack(0x0000000ed7600000,0x0000000ed7700000)]
  0x0000015bac7c9f10 JavaThread "Monitor Ctrl-Break" daemon [_thread_in_native, id=8448, stack(0x0000000ed7800000,0x0000000ed7900000)]
  0x0000015bac7c0a20 JavaThread "Notification Thread" daemon [_thread_blocked, id=8644, stack(0x0000000ed7900000,0x0000000ed7a00000)]
  0x0000015baccb9060 JavaThread "RMI TCP Accept-0" daemon [_thread_in_native, id=5680, stack(0x0000000ed7c00000,0x0000000ed7d00000)]
  0x0000015bace9b010 JavaThread "RMI Scheduler(0)" daemon [_thread_blocked, id=1380, stack(0x0000000ed7d00000,0x0000000ed7e00000)]
  0x0000015bacc40e80 JavaThread "JMX server connection timeout 20" daemon [_thread_blocked, id=8964, stack(0x0000000ed8100000,0x0000000ed8200000)]
  0x0000015bad0626e0 JavaThread "Catalina-utility-1" [_thread_blocked, id=8876, stack(0x0000000ed8300000,0x0000000ed8400000)]
  0x0000015bad062bb0 JavaThread "Catalina-utility-2" [_thread_blocked, id=3024, stack(0x0000000ed8400000,0x0000000ed8500000)]
  0x0000015bad063080 JavaThread "container-0" [_thread_blocked, id=8360, stack(0x0000000ed8500000,0x0000000ed8600000)]
  0x0000015bae07b8b0 JavaThread "mysql-cj-abandoned-connection-cleanup" daemon [_thread_blocked, id=760, stack(0x0000000ed8600000,0x0000000ed8700000)]
  0x0000015bae074060 JavaThread "HikariPool-1 housekeeper" daemon [_thread_blocked, id=8680, stack(0x0000000ed8800000,0x0000000ed8900000)]
  0x0000015bae077080 JavaThread "File Watcher" daemon [_thread_blocked, id=8540, stack(0x0000000ed8a00000,0x0000000ed8b00000)]
  0x0000015bae077550 JavaThread "Live Reload Server" daemon [_thread_in_native, id=8452, stack(0x0000000ed8c00000,0x0000000ed8d00000)]
  0x0000015bae077a20 JavaThread "http-nio-8080-Poller" daemon [_thread_in_native, id=6592, stack(0x0000000ed8b00000,0x0000000ed8c00000)]
  0x0000015bae077ef0 JavaThread "http-nio-8080-Acceptor" daemon [_thread_in_native, id=5416, stack(0x0000000ed8d00000,0x0000000ed8e00000)]
  0x0000015bae079bd0 JavaThread "DestroyJavaVM" [_thread_blocked, id=4476, stack(0x0000000ed6600000,0x0000000ed6700000)]
  0x0000015bae074ed0 JavaThread "http-nio-8080-exec-1" daemon [_thread_blocked, id=8604, stack(0x0000000ed7700000,0x0000000ed7800000)]
  0x0000015bae079230 JavaThread "http-nio-8080-exec-2" daemon [_thread_blocked, id=8664, stack(0x0000000ed8200000,0x0000000ed8300000)]
  0x0000015bae0766e0 JavaThread "http-nio-8080-exec-3" daemon [_thread_blocked, id=6440, stack(0x0000000ed8f00000,0x0000000ed9000000)]
=>0x0000015bae07a570 JavaThread "http-nio-8080-exec-4" daemon [_thread_in_vm, id=8200, stack(0x0000000ed6500000,0x0000000ed6600000)]
  0x0000015bae0783c0 JavaThread "http-nio-8080-exec-5" daemon [_thread_blocked, id=7980, stack(0x0000000ed6700000,0x0000000ed6800000)]
  0x0000015bae078890 JavaThread "http-nio-8080-exec-6" daemon [_thread_blocked, id=8796, stack(0x0000000ed9000000,0x0000000ed9100000)]
  0x0000015bae07aa40 JavaThread "http-nio-8080-exec-7" daemon [_thread_blocked, id=2936, stack(0x0000000ed9100000,0x0000000ed9200000)]
  0x0000015bae07af10 JavaThread "http-nio-8080-exec-8" daemon [_thread_blocked, id=4376, stack(0x0000000ed9200000,0x0000000ed9300000)]
  0x0000015bae074530 JavaThread "http-nio-8080-exec-9" daemon [_thread_blocked, id=2860, stack(0x0000000ed9300000,0x0000000ed9400000)]
  0x0000015bae07b3e0 JavaThread "http-nio-8080-exec-10" daemon [_thread_blocked, id=4048, stack(0x0000000ed7e00000,0x0000000ed7f00000)]
  0x0000015bae075d40 JavaThread "RMI TCP Connection(5)-192.168.1.47" daemon [_thread_in_native, id=8328, stack(0x0000000ed8000000,0x0000000ed8100000)]

Other Threads:
  0x0000015bab9c6650 VMThread "VM Thread" [stack: 0x0000000ed6d00000,0x0000000ed6e00000] [id=8288]
  0x0000015baccb9530 WatcherThread [stack: 0x0000000ed7b00000,0x0000000ed7c00000] [id=8988]
  0x0000015b9a782390 GCTaskThread "GC Thread#0" [stack: 0x0000000ed6800000,0x0000000ed6900000] [id=5968]
  0x0000015bac7e0bf0 GCTaskThread "GC Thread#1" [stack: 0x0000000ed7a00000,0x0000000ed7b00000] [id=8684]
  0x0000015b9a7932d0 ConcurrentGCThread "G1 Main Marker" [stack: 0x0000000ed6900000,0x0000000ed6a00000] [id=6812]
  0x0000015b9a793ce0 ConcurrentGCThread "G1 Conc#0" [stack: 0x0000000ed6a00000,0x0000000ed6b00000] [id=9020]
  0x0000015b9a7ff4f0 ConcurrentGCThread "G1 Refine#0" [stack: 0x0000000ed6b00000,0x0000000ed6c00000] [id=5252]
  0x0000015b9a7fff10 ConcurrentGCThread "G1 Service" [stack: 0x0000000ed6c00000,0x0000000ed6d00000] [id=2968]

Threads with active compile tasks:

VM state: not at safepoint (normal execution)

VM Mutex/Monitor currently owned by a thread: None

Heap address: 0x0000000080000000, size: 2048 MB, Compressed Oops mode: 32-bit

CDS archive(s) mapped at: [0x0000000800000000-0x0000000800bc0000-0x0000000800bc0000), size 12320768, SharedBaseAddress: 0x0000000800000000, ArchiveRelocationMode: 0.
Compressed class space mapped at: 0x0000000800c00000-0x0000000840c00000, reserved size: 1073741824
Narrow klass base: 0x0000000800000000, Narrow klass shift: 0, Narrow klass range: 0x100000000

GC Precious Log:
 CPUs: 2 total, 2 available
 Memory: 8191M
 Large Page Support: Disabled
 NUMA Support: Disabled
 Compressed Oops: Enabled (32-bit)
 Heap Region Size: 1M
 Heap Min Capacity: 8M
 Heap Initial Capacity: 128M
 Heap Max Capacity: 2G
 Pre-touch: Disabled
 Parallel Workers: 2
 Concurrent Workers: 1
 Concurrent Refinement Workers: 2
 Periodic GC: Disabled

Heap:
 garbage-first heap   total 99328K, used 30366K [0x0000000080000000, 0x0000000100000000)
  region size 1024K, 7 young (7168K), 5 survivors (5120K)
 Metaspace       used 63249K, committed 63744K, reserved 1105920K
  class space    used 8989K, committed 9216K, reserved 1048576K

Heap Regions: E=young(eden), S=young(survivor), O=old, HS=humongous(starts), HC=humongous(continues), CS=collection set, F=free, OA=open archive, CA=closed archive, TAMS=top-at-mark-start (previous, next)
|   0|0x0000000080000000, 0x0000000080100000, 0x0000000080100000|100%|HS|  |TAMS 0x0000000080100000, 0x0000000080000000| Complete 
|   1|0x0000000080100000, 0x0000000080200000, 0x0000000080200000|100%| O|  |TAMS 0x0000000080200000, 0x0000000080100000| Untracked 
|   2|0x0000000080200000, 0x0000000080300000, 0x0000000080300000|100%| O|  |TAMS 0x0000000080300000, 0x0000000080200000| Untracked 
|   3|0x0000000080300000, 0x0000000080400000, 0x0000000080400000|100%| O|  |TAMS 0x0000000080400000, 0x0000000080300000| Untracked 
|   4|0x0000000080400000, 0x0000000080500000, 0x0000000080500000|100%| O|  |TAMS 0x0000000080500000, 0x0000000080400000| Untracked 
|   5|0x0000000080500000, 0x0000000080600000, 0x0000000080600000|100%| O|  |TAMS 0x0000000080600000, 0x0000000080500000| Untracked 
|   6|0x0000000080600000, 0x00000000806fae00, 0x0000000080700000| 97%| O|  |TAMS 0x00000000806fae00, 0x0000000080600000| Untracked 
|   7|0x0000000080700000, 0x0000000080800000, 0x0000000080800000|100%| O|  |TAMS 0x0000000080800000, 0x0000000080700000| Untracked 
|   8|0x0000000080800000, 0x0000000080900000, 0x0000000080900000|100%| O|  |TAMS 0x0000000080900000, 0x0000000080800000| Untracked 
|   9|0x0000000080900000, 0x0000000080a00000, 0x0000000080a00000|100%| O|  |TAMS 0x0000000080a00000, 0x0000000080900000| Untracked 
|  10|0x0000000080a00000, 0x0000000080b00000, 0x0000000080b00000|100%| O|  |TAMS 0x0000000080b00000, 0x0000000080a00000| Untracked 
|  11|0x0000000080b00000, 0x0000000080c00000, 0x0000000080c00000|100%| O|  |TAMS 0x0000000080c00000, 0x0000000080b00000| Untracked 
|  12|0x0000000080c00000, 0x0000000080d00000, 0x0000000080d00000|100%| O|  |TAMS 0x0000000080d00000, 0x0000000080c00000| Untracked 
|  13|0x0000000080d00000, 0x0000000080e00000, 0x0000000080e00000|100%| O|  |TAMS 0x0000000080e00000, 0x0000000080d00000| Untracked 
|  14|0x0000000080e00000, 0x0000000080f00000, 0x0000000080f00000|100%| O|  |TAMS 0x0000000080f00000, 0x0000000080e00000| Untracked 
|  15|0x0000000080f00000, 0x0000000080f59000, 0x0000000081000000| 34%| O|  |TAMS 0x0000000080f59000, 0x0000000080f00000| Untracked 
|  16|0x0000000081000000, 0x0000000081100000, 0x0000000081100000|100%| O|  |TAMS 0x0000000081100000, 0x0000000081000000| Untracked 
|  17|0x0000000081100000, 0x0000000081200000, 0x0000000081200000|100%| O|  |TAMS 0x0000000081200000, 0x0000000081100000| Untracked 
|  18|0x0000000081200000, 0x0000000081300000, 0x0000000081300000|100%| O|  |TAMS 0x0000000081300000, 0x0000000081200000| Untracked 
|  19|0x0000000081300000, 0x0000000081400000, 0x0000000081400000|100%| O|  |TAMS 0x0000000081400000, 0x0000000081300000| Untracked 
|  20|0x0000000081400000, 0x0000000081500000, 0x0000000081500000|100%| O|  |TAMS 0x0000000081500000, 0x0000000081400000| Untracked 
|  21|0x0000000081500000, 0x0000000081600000, 0x0000000081600000|100%| O|  |TAMS 0x0000000081600000, 0x0000000081500000| Untracked 
|  22|0x0000000081600000, 0x0000000081700000, 0x0000000081700000|100%| O|  |TAMS 0x0000000081600000, 0x0000000081600000| Untracked 
|  23|0x0000000081700000, 0x0000000081800000, 0x0000000081800000|100%| O|  |TAMS 0x0000000081700000, 0x0000000081700000| Untracked 
|  24|0x0000000081800000, 0x00000000818fae00, 0x0000000081900000| 97%| O|  |TAMS 0x0000000081800000, 0x0000000081800000| Untracked 
|  25|0x0000000081900000, 0x0000000081900000, 0x0000000081a00000|  0%| F|  |TAMS 0x0000000081900000, 0x0000000081900000| Untracked 
|  26|0x0000000081a00000, 0x0000000081a00000, 0x0000000081b00000|  0%| F|  |TAMS 0x0000000081a00000, 0x0000000081a00000| Untracked 
|  27|0x0000000081b00000, 0x0000000081b00000, 0x0000000081c00000|  0%| F|  |TAMS 0x0000000081b00000, 0x0000000081b00000| Untracked 
|  28|0x0000000081c00000, 0x0000000081c00000, 0x0000000081d00000|  0%| F|  |TAMS 0x0000000081c00000, 0x0000000081c00000| Untracked 
|  29|0x0000000081d00000, 0x0000000081d00000, 0x0000000081e00000|  0%| F|  |TAMS 0x0000000081d00000, 0x0000000081d00000| Untracked 
|  30|0x0000000081e00000, 0x0000000081e00000, 0x0000000081f00000|  0%| F|  |TAMS 0x0000000081e00000, 0x0000000081e00000| Untracked 
|  31|0x0000000081f00000, 0x0000000081f00000, 0x0000000082000000|  0%| F|  |TAMS 0x0000000081f00000, 0x0000000081f00000| Untracked 
|  32|0x0000000082000000, 0x0000000082000000, 0x0000000082100000|  0%| F|  |TAMS 0x0000000082000000, 0x0000000082000000| Untracked 
|  33|0x0000000082100000, 0x0000000082100000, 0x0000000082200000|  0%| F|  |TAMS 0x0000000082100000, 0x0000000082100000| Untracked 
|  34|0x0000000082200000, 0x0000000082200000, 0x0000000082300000|  0%| F|  |TAMS 0x0000000082200000, 0x0000000082200000| Untracked 
|  35|0x0000000082300000, 0x0000000082358d48, 0x0000000082400000| 34%| S|CS|TAMS 0x0000000082300000, 0x0000000082300000| Complete 
|  36|0x0000000082400000, 0x0000000082500000, 0x0000000082500000|100%| S|CS|TAMS 0x0000000082400000, 0x0000000082400000| Complete 
|  37|0x0000000082500000, 0x0000000082500000, 0x0000000082600000|  0%| F|  |TAMS 0x0000000082500000, 0x0000000082500000| Untracked 
|  38|0x0000000082600000, 0x0000000082700000, 0x0000000082700000|100%| S|CS|TAMS 0x0000000082600000, 0x0000000082600000| Complete 
|  39|0x0000000082700000, 0x0000000082700000, 0x0000000082800000|  0%| F|  |TAMS 0x0000000082700000, 0x0000000082700000| Untracked 
|  40|0x0000000082800000, 0x0000000082800000, 0x0000000082900000|  0%| F|  |TAMS 0x0000000082800000, 0x0000000082800000| Untracked 
|  41|0x0000000082900000, 0x0000000082900000, 0x0000000082a00000|  0%| F|  |TAMS 0x0000000082900000, 0x0000000082900000| Untracked 
|  42|0x0000000082a00000, 0x0000000082b00000, 0x0000000082b00000|100%| S|CS|TAMS 0x0000000082a00000, 0x0000000082a00000| Complete 
|  43|0x0000000082b00000, 0x0000000082c00000, 0x0000000082c00000|100%| S|CS|TAMS 0x0000000082b00000, 0x0000000082b00000| Complete 
|  44|0x0000000082c00000, 0x0000000082c00000, 0x0000000082d00000|  0%| F|  |TAMS 0x0000000082c00000, 0x0000000082c00000| Untracked 
|  45|0x0000000082d00000, 0x0000000082d00000, 0x0000000082e00000|  0%| F|  |TAMS 0x0000000082d00000, 0x0000000082d00000| Untracked 
|  46|0x0000000082e00000, 0x0000000082e00000, 0x0000000082f00000|  0%| F|  |TAMS 0x0000000082e00000, 0x0000000082e00000| Untracked 
|  47|0x0000000082f00000, 0x0000000082f00000, 0x0000000083000000|  0%| F|  |TAMS 0x0000000082f00000, 0x0000000082f00000| Untracked 
|  48|0x0000000083000000, 0x0000000083000000, 0x0000000083100000|  0%| F|  |TAMS 0x0000000083000000, 0x0000000083000000| Untracked 
|  49|0x0000000083100000, 0x0000000083100000, 0x0000000083200000|  0%| F|  |TAMS 0x0000000083100000, 0x0000000083100000| Untracked 
|  50|0x0000000083200000, 0x0000000083200000, 0x0000000083300000|  0%| F|  |TAMS 0x0000000083200000, 0x0000000083200000| Untracked 
|  51|0x0000000083300000, 0x0000000083300000, 0x0000000083400000|  0%| F|  |TAMS 0x0000000083300000, 0x0000000083300000| Untracked 
|  52|0x0000000083400000, 0x0000000083400000, 0x0000000083500000|  0%| F|  |TAMS 0x0000000083400000, 0x0000000083400000| Untracked 
|  53|0x0000000083500000, 0x0000000083500000, 0x0000000083600000|  0%| F|  |TAMS 0x0000000083500000, 0x0000000083500000| Untracked 
|  54|0x0000000083600000, 0x0000000083600000, 0x0000000083700000|  0%| F|  |TAMS 0x0000000083600000, 0x0000000083600000| Untracked 
|  55|0x0000000083700000, 0x0000000083700000, 0x0000000083800000|  0%| F|  |TAMS 0x0000000083700000, 0x0000000083700000| Untracked 
|  56|0x0000000083800000, 0x0000000083800000, 0x0000000083900000|  0%| F|  |TAMS 0x0000000083800000, 0x0000000083800000| Untracked 
|  57|0x0000000083900000, 0x0000000083900000, 0x0000000083a00000|  0%| F|  |TAMS 0x0000000083900000, 0x0000000083900000| Untracked 
|  58|0x0000000083a00000, 0x0000000083a00000, 0x0000000083b00000|  0%| F|  |TAMS 0x0000000083a00000, 0x0000000083a00000| Untracked 
|  59|0x0000000083b00000, 0x0000000083b00000, 0x0000000083c00000|  0%| F|  |TAMS 0x0000000083b00000, 0x0000000083b00000| Untracked 
|  60|0x0000000083c00000, 0x0000000083c00000, 0x0000000083d00000|  0%| F|  |TAMS 0x0000000083c00000, 0x0000000083c00000| Untracked 
|  61|0x0000000083d00000, 0x0000000083d00000, 0x0000000083e00000|  0%| F|  |TAMS 0x0000000083d00000, 0x0000000083d00000| Untracked 
|  62|0x0000000083e00000, 0x0000000083e00000, 0x0000000083f00000|  0%| F|  |TAMS 0x0000000083e00000, 0x0000000083e00000| Untracked 
|  63|0x0000000083f00000, 0x0000000083f00000, 0x0000000084000000|  0%| F|  |TAMS 0x0000000083f00000, 0x0000000083f00000| Untracked 
|  64|0x0000000084000000, 0x0000000084000000, 0x0000000084100000|  0%| F|  |TAMS 0x0000000084000000, 0x0000000084000000| Untracked 
|  65|0x0000000084100000, 0x0000000084100000, 0x0000000084200000|  0%| F|  |TAMS 0x0000000084100000, 0x0000000084100000| Untracked 
|  66|0x0000000084200000, 0x0000000084200000, 0x0000000084300000|  0%| F|  |TAMS 0x0000000084200000, 0x0000000084200000| Untracked 
|  67|0x0000000084300000, 0x0000000084300000, 0x0000000084400000|  0%| F|  |TAMS 0x0000000084300000, 0x0000000084300000| Untracked 
|  68|0x0000000084400000, 0x0000000084400000, 0x0000000084500000|  0%| F|  |TAMS 0x0000000084400000, 0x0000000084400000| Untracked 
|  69|0x0000000084500000, 0x0000000084500000, 0x0000000084600000|  0%| F|  |TAMS 0x0000000084500000, 0x0000000084500000| Untracked 
|  70|0x0000000084600000, 0x0000000084600000, 0x0000000084700000|  0%| F|  |TAMS 0x0000000084600000, 0x0000000084600000| Untracked 
|  71|0x0000000084700000, 0x0000000084700000, 0x0000000084800000|  0%| F|  |TAMS 0x0000000084700000, 0x0000000084700000| Untracked 
|  72|0x0000000084800000, 0x0000000084800000, 0x0000000084900000|  0%| F|  |TAMS 0x0000000084800000, 0x0000000084800000| Untracked 
|  73|0x0000000084900000, 0x0000000084900000, 0x0000000084a00000|  0%| F|  |TAMS 0x0000000084900000, 0x0000000084900000| Untracked 
|  74|0x0000000084a00000, 0x0000000084a00000, 0x0000000084b00000|  0%| F|  |TAMS 0x0000000084a00000, 0x0000000084a00000| Untracked 
|  75|0x0000000084b00000, 0x0000000084b00000, 0x0000000084c00000|  0%| F|  |TAMS 0x0000000084b00000, 0x0000000084b00000| Untracked 
|  76|0x0000000084c00000, 0x0000000084c00000, 0x0000000084d00000|  0%| F|  |TAMS 0x0000000084c00000, 0x0000000084c00000| Untracked 
|  77|0x0000000084d00000, 0x0000000084d00000, 0x0000000084e00000|  0%| F|  |TAMS 0x0000000084d00000, 0x0000000084d00000| Untracked 
|  78|0x0000000084e00000, 0x0000000084e00000, 0x0000000084f00000|  0%| F|  |TAMS 0x0000000084e00000, 0x0000000084e00000| Untracked 
|  79|0x0000000084f00000, 0x0000000084f00000, 0x0000000085000000|  0%| F|  |TAMS 0x0000000084f00000, 0x0000000084f00000| Untracked 
|  80|0x0000000085000000, 0x0000000085000000, 0x0000000085100000|  0%| F|  |TAMS 0x0000000085000000, 0x0000000085000000| Untracked 
|  81|0x0000000085100000, 0x0000000085100000, 0x0000000085200000|  0%| F|  |TAMS 0x0000000085100000, 0x0000000085100000| Untracked 
|  82|0x0000000085200000, 0x0000000085200000, 0x0000000085300000|  0%| F|  |TAMS 0x0000000085200000, 0x0000000085200000| Untracked 
|  83|0x0000000085300000, 0x0000000085300000, 0x0000000085400000|  0%| F|  |TAMS 0x0000000085300000, 0x0000000085300000| Untracked 
|  84|0x0000000085400000, 0x0000000085400000, 0x0000000085500000|  0%| F|  |TAMS 0x0000000085400000, 0x0000000085400000| Untracked 
|  85|0x0000000085500000, 0x0000000085500000, 0x0000000085600000|  0%| F|  |TAMS 0x0000000085500000, 0x0000000085500000| Untracked 
|  86|0x0000000085600000, 0x0000000085600000, 0x0000000085700000|  0%| F|  |TAMS 0x0000000085600000, 0x0000000085600000| Untracked 
|  87|0x0000000085700000, 0x0000000085700000, 0x0000000085800000|  0%| F|  |TAMS 0x0000000085700000, 0x0000000085700000| Untracked 
|  88|0x0000000085800000, 0x0000000085800000, 0x0000000085900000|  0%| F|  |TAMS 0x0000000085800000, 0x0000000085800000| Untracked 
|  89|0x0000000085900000, 0x0000000085900000, 0x0000000085a00000|  0%| F|  |TAMS 0x0000000085900000, 0x0000000085900000| Untracked 
|  90|0x0000000085a00000, 0x0000000085a00000, 0x0000000085b00000|  0%| F|  |TAMS 0x0000000085a00000, 0x0000000085a00000| Untracked 
|  91|0x0000000085b00000, 0x0000000085b00000, 0x0000000085c00000|  0%| F|  |TAMS 0x0000000085b00000, 0x0000000085b00000| Untracked 
|  92|0x0000000085c00000, 0x0000000085c00000, 0x0000000085d00000|  0%| F|  |TAMS 0x0000000085c00000, 0x0000000085c00000| Untracked 
|  93|0x0000000085d00000, 0x0000000085d00000, 0x0000000085e00000|  0%| F|  |TAMS 0x0000000085d00000, 0x0000000085d00000| Untracked 
|  94|0x0000000085e00000, 0x0000000085e00000, 0x0000000085f00000|  0%| F|  |TAMS 0x0000000085e00000, 0x0000000085e00000| Untracked 
|  95|0x0000000085f00000, 0x0000000085f43e38, 0x0000000086000000| 26%| E|  |TAMS 0x0000000085f00000, 0x0000000085f00000| Complete 
| 127|0x0000000087f00000, 0x0000000088000000, 0x0000000088000000|100%| E|CS|TAMS 0x0000000087f00000, 0x0000000087f00000| Complete 

Card table byte_map: [0x0000015ba4f80000,0x0000015ba5380000] _byte_map_base: 0x0000015ba4b80000

Marking Bits (Prev, Next): (CMBitMap*) 0x0000015b9a7829e0, (CMBitMap*) 0x0000015b9a7829a0
 Prev Bits: [0x0000015ba7780000, 0x0000015ba9780000)
 Next Bits: [0x0000015ba5780000, 0x0000015ba7780000)

Polling page: 0x0000015b986b0000

Metaspace:

Usage:
  Non-class:     52.99 MB used.
      Class:      8.78 MB used.
       Both:     61.77 MB used.

Virtual space:
  Non-class space:       56.00 MB reserved,      53.25 MB ( 95%) committed,  7 nodes.
      Class space:        1.00 GB reserved,       9.00 MB ( <1%) committed,  1 nodes.
             Both:        1.05 GB reserved,      62.25 MB (  6%) committed. 

Chunk freelists:
   Non-Class:  2.20 MB
       Class:  2.88 MB
        Both:  5.08 MB

MaxMetaspaceSize: unlimited
CompressedClassSpaceSize: 1.00 GB
Initial GC threshold: 21.00 MB
Current GC threshold: 98.12 MB
CDS: on
MetaspaceReclaimPolicy: balanced
 - commit_granule_bytes: 65536.
 - commit_granule_words: 8192.
 - virtual_space_node_default_size: 1048576.
 - enlarge_chunks_in_place: 1.
 - new_chunks_are_fully_committed: 0.
 - uncommit_free_chunks: 1.
 - use_allocation_guard: 0.
 - handle_deallocations: 1.


Internal statistics:

num_allocs_failed_limit: 9.
num_arena_births: 716.
num_arena_deaths: 14.
num_vsnodes_births: 8.
num_vsnodes_deaths: 0.
num_space_committed: 996.
num_space_uncommitted: 0.
num_chunks_returned_to_freelist: 25.
num_chunks_taken_from_freelist: 3041.
num_chunk_merges: 10.
num_chunk_splits: 2084.
num_chunks_enlarged: 1549.
num_purges: 2.
num_inconsistent_stats: 0.

CodeCache: size=49152Kb used=12668Kb max_used=12668Kb free=36483Kb
 bounds [0x0000015ba1f80000, 0x0000015ba2c20000, 0x0000015ba4f80000]
 total_blobs=7721 nmethods=7054 adapters=594
 compilation: enabled
              stopped_count=0, restarted_count=0
 full_count=0

Compilation events (20 events):
Event: 4082.501 Thread 0x0000015bab9e9d50 7045       1       org.jboss.logging.DelegatingBasicLogger::tracev (17 bytes)
Event: 4082.501 Thread 0x0000015bab9e9d50 nmethod 7045 0x0000015ba2bd1c90 code [0x0000015ba2bd1e60, 0x0000015ba2bd2178]
Event: 4082.501 Thread 0x0000015bab9e9d50 7046       1       org.jboss.logging.Logger::logv (27 bytes)
Event: 4082.501 Thread 0x0000015bab9e9d50 nmethod 7046 0x0000015ba2bd1510 code [0x0000015ba2bd16e0, 0x0000015ba2bd1ac8]
Event: 4082.501 Thread 0x0000015bab9e9d50 7047       1       jdk.internal.reflect.UnsafeObjectFieldAccessorImpl::get (17 bytes)
Event: 4082.502 Thread 0x0000015bab9e9d50 nmethod 7047 0x0000015ba2bd0e10 code [0x0000015ba2bd0fe0, 0x0000015ba2bd12d8]
Event: 4082.502 Thread 0x0000015bab9e9d50 7048       1       org.hibernate.persister.entity.AbstractEntityPersister::getPropertyNames (8 bytes)
Event: 4082.503 Thread 0x0000015bab9e9d50 nmethod 7048 0x0000015ba2bd0b10 code [0x0000015ba2bd0ca0, 0x0000015ba2bd0d78]
Event: 4082.503 Thread 0x0000015bab9e9d50 7049       1       org.hibernate.event.internal.AbstractVisitor::processValue (59 bytes)
Event: 4082.503 Thread 0x0000015bab9e9d50 nmethod 7049 0x0000015ba2bd0410 code [0x0000015ba2bd0620, 0x0000015ba2bd0978]
Event: 4082.503 Thread 0x0000015bab9e9d50 7051       1       org.hibernate.engine.internal.AbstractEntityEntry::getCompressedValue (33 bytes)
Event: 4082.503 Thread 0x0000015bab9e9d50 nmethod 7051 0x0000015ba2bd0010 code [0x0000015ba2bd01a0, 0x0000015ba2bd02f8]
Event: 4082.503 Thread 0x0000015bab9e9d50 7052       1       org.hibernate.engine.internal.AbstractEntityEntry$EnumState::access$300 (5 bytes)
Event: 4082.503 Thread 0x0000015bab9e9d50 nmethod 7052 0x0000015ba2bcfd10 code [0x0000015ba2bcfea0, 0x0000015ba2bcff58]
Event: 4082.503 Thread 0x0000015bab9e9d50 7050       1       org.hibernate.engine.internal.StatefulPersistenceContext::getSession (5 bytes)
Event: 4082.503 Thread 0x0000015bab9e9d50 nmethod 7050 0x0000015ba2bcfa10 code [0x0000015ba2bcfba0, 0x0000015ba2bcfc78]
Event: 4082.503 Thread 0x0000015bab9e9d50 7053       1       org.hibernate.metamodel.model.domain.NavigableRole::getFullPath (5 bytes)
Event: 4082.503 Thread 0x0000015bab9e9d50 nmethod 7053 0x0000015ba2bcf710 code [0x0000015ba2bcf8a0, 0x0000015ba2bcf978]
Event: 4082.504 Thread 0x0000015bab9e9d50 7054       1       com.mysql.cj.protocol.a.NativePacketPayload::getCapacity (6 bytes)
Event: 4082.504 Thread 0x0000015bab9e9d50 nmethod 7054 0x0000015ba2bcf410 code [0x0000015ba2bcf5a0, 0x0000015ba2bcf678]

GC Heap History (20 events):
Event: 9.096 GC heap before
{Heap before GC invocations=13 (full 0):
 garbage-first heap   total 61440K, used 46032K [0x0000000080000000, 0x0000000100000000)
  region size 1024K, 26 young (26624K), 1 survivors (1024K)
 Metaspace       used 48673K, committed 49088K, reserved 1097728K
  class space    used 6965K, committed 7168K, reserved 1048576K
}
Event: 9.102 GC heap after
{Heap after GC invocations=14 (full 0):
 garbage-first heap   total 61440K, used 21957K [0x0000000080000000, 0x0000000100000000)
  region size 1024K, 2 young (2048K), 2 survivors (2048K)
 Metaspace       used 48673K, committed 49088K, reserved 1097728K
  class space    used 6965K, committed 7168K, reserved 1048576K
}
Event: 9.802 GC heap before
{Heap before GC invocations=14 (full 0):
 garbage-first heap   total 61440K, used 46533K [0x0000000080000000, 0x0000000100000000)
  region size 1024K, 27 young (27648K), 2 survivors (2048K)
 Metaspace       used 52909K, committed 53376K, reserved 1097728K
  class space    used 7523K, committed 7744K, reserved 1048576K
}
Event: 9.812 GC heap after
{Heap after GC invocations=15 (full 0):
 garbage-first heap   total 61440K, used 23614K [0x0000000080000000, 0x0000000100000000)
  region size 1024K, 3 young (3072K), 3 survivors (3072K)
 Metaspace       used 52909K, committed 53376K, reserved 1097728K
  class space    used 7523K, committed 7744K, reserved 1048576K
}
Event: 10.419 GC heap before
{Heap before GC invocations=15 (full 0):
 garbage-first heap   total 61440K, used 47166K [0x0000000080000000, 0x0000000100000000)
  region size 1024K, 27 young (27648K), 3 survivors (3072K)
 Metaspace       used 55858K, committed 56320K, reserved 1097728K
  class space    used 7957K, committed 8192K, reserved 1048576K
}
Event: 10.433 GC heap after
{Heap after GC invocations=16 (full 0):
 garbage-first heap   total 122880K, used 25372K [0x0000000080000000, 0x0000000100000000)
  region size 1024K, 4 young (4096K), 4 survivors (4096K)
 Metaspace       used 55858K, committed 56320K, reserved 1097728K
  class space    used 7957K, committed 8192K, reserved 1048576K
}
Event: 24.040 GC heap before
{Heap before GC invocations=16 (full 0):
 garbage-first heap   total 122880K, used 54044K [0x0000000080000000, 0x0000000100000000)
  region size 1024K, 34 young (34816K), 4 survivors (4096K)
 Metaspace       used 59608K, committed 60096K, reserved 1105920K
  class space    used 8463K, committed 8704K, reserved 1048576K
}
Event: 24.060 GC heap after
{Heap after GC invocations=17 (full 0):
 garbage-first heap   total 122880K, used 27895K [0x0000000080000000, 0x0000000100000000)
  region size 1024K, 6 young (6144K), 6 survivors (6144K)
 Metaspace       used 59608K, committed 60096K, reserved 1105920K
  class space    used 8463K, committed 8704K, reserved 1048576K
}
Event: 413.558 GC heap before
{Heap before GC invocations=18 (full 0):
 garbage-first heap   total 99328K, used 81143K [0x0000000080000000, 0x0000000100000000)
  region size 1024K, 58 young (59392K), 6 survivors (6144K)
 Metaspace       used 62612K, committed 63104K, reserved 1105920K
  class space    used 8898K, committed 9152K, reserved 1048576K
}
Event: 413.576 GC heap after
{Heap after GC invocations=19 (full 0):
 garbage-first heap   total 99328K, used 28489K [0x0000000080000000, 0x0000000100000000)
  region size 1024K, 5 young (5120K), 5 survivors (5120K)
 Metaspace       used 62612K, committed 63104K, reserved 1105920K
  class space    used 8898K, committed 9152K, reserved 1048576K
}
Event: 821.559 GC heap before
{Heap before GC invocations=19 (full 0):
 garbage-first heap   total 99328K, used 77641K [0x0000000080000000, 0x0000000100000000)
  region size 1024K, 53 young (54272K), 5 survivors (5120K)
 Metaspace       used 62783K, committed 63232K, reserved 1105920K
  class space    used 8928K, committed 9152K, reserved 1048576K
}
Event: 821.579 GC heap after
{Heap after GC invocations=20 (full 0):
 garbage-first heap   total 99328K, used 28934K [0x0000000080000000, 0x0000000100000000)
  region size 1024K, 4 young (4096K), 4 survivors (4096K)
 Metaspace       used 62783K, committed 63232K, reserved 1105920K
  class space    used 8928K, committed 9152K, reserved 1048576K
}
Event: 1611.899 GC heap before
{Heap before GC invocations=20 (full 0):
 garbage-first heap   total 99328K, used 80134K [0x0000000080000000, 0x0000000100000000)
  region size 1024K, 54 young (55296K), 4 survivors (4096K)
 Metaspace       used 62785K, committed 63232K, reserved 1105920K
  class space    used 8928K, committed 9152K, reserved 1048576K
}
Event: 1611.914 GC heap after
{Heap after GC invocations=21 (full 0):
 garbage-first heap   total 99328K, used 28329K [0x0000000080000000, 0x0000000100000000)
  region size 1024K, 4 young (4096K), 4 survivors (4096K)
 Metaspace       used 62785K, committed 63232K, reserved 1105920K
  class space    used 8928K, committed 9152K, reserved 1048576K
}
Event: 2219.328 GC heap before
{Heap before GC invocations=21 (full 0):
 garbage-first heap   total 99328K, used 80553K [0x0000000080000000, 0x0000000100000000)
  region size 1024K, 55 young (56320K), 4 survivors (4096K)
 Metaspace       used 62834K, committed 63360K, reserved 1105920K
  class space    used 8936K, committed 9152K, reserved 1048576K
}
Event: 2219.342 GC heap after
{Heap after GC invocations=22 (full 0):
 garbage-first heap   total 99328K, used 28908K [0x0000000080000000, 0x0000000100000000)
  region size 1024K, 4 young (4096K), 4 survivors (4096K)
 Metaspace       used 62834K, committed 63360K, reserved 1105920K
  class space    used 8936K, committed 9152K, reserved 1048576K
}
Event: 3040.848 GC heap before
{Heap before GC invocations=22 (full 0):
 garbage-first heap   total 99328K, used 82156K [0x0000000080000000, 0x0000000100000000)
  region size 1024K, 56 young (57344K), 4 survivors (4096K)
 Metaspace       used 62834K, committed 63360K, reserved 1105920K
  class space    used 8936K, committed 9152K, reserved 1048576K
}
Event: 3040.861 GC heap after
{Heap after GC invocations=23 (full 0):
 garbage-first heap   total 99328K, used 28657K [0x0000000080000000, 0x0000000100000000)
  region size 1024K, 4 young (4096K), 4 survivors (4096K)
 Metaspace       used 62834K, committed 63360K, reserved 1105920K
  class space    used 8936K, committed 9152K, reserved 1048576K
}
Event: 4082.397 GC heap before
{Heap before GC invocations=23 (full 0):
 garbage-first heap   total 99328K, used 82929K [0x0000000080000000, 0x0000000100000000)
  region size 1024K, 57 young (58368K), 4 survivors (4096K)
 Metaspace       used 63236K, committed 63744K, reserved 1105920K
  class space    used 8987K, committed 9216K, reserved 1048576K
}
Event: 4082.409 GC heap after
{Heap after GC invocations=24 (full 0):
 garbage-first heap   total 99328K, used 29342K [0x0000000080000000, 0x0000000100000000)
  region size 1024K, 5 young (5120K), 5 survivors (5120K)
 Metaspace       used 63236K, committed 63744K, reserved 1105920K
  class space    used 8987K, committed 9216K, reserved 1048576K
}

Deoptimization events (20 events):
Event: 4.397 Thread 0x0000015bad062210 DEOPT PACKING pc=0x0000015ba2465c24 sp=0x0000000ed82fce40
Event: 4.397 Thread 0x0000015bad062210 DEOPT UNPACKING pc=0x0000015ba1fd2b24 sp=0x0000000ed82fc398 mode 0
Event: 4.854 Thread 0x0000015bad062210 DEOPT PACKING pc=0x0000015ba263b8f5 sp=0x0000000ed82fc440
Event: 4.854 Thread 0x0000015bad062210 DEOPT UNPACKING pc=0x0000015ba1fd2b24 sp=0x0000000ed82fb8b0 mode 3
Event: 5.946 Thread 0x0000015bad062210 DEOPT PACKING pc=0x0000015ba26ed61d sp=0x0000000ed82fbc10
Event: 5.946 Thread 0x0000015bad062210 DEOPT UNPACKING pc=0x0000015ba1fd2b24 sp=0x0000000ed82fb178 mode 3
Event: 6.150 Thread 0x0000015bad062210 DEOPT PACKING pc=0x0000015ba27202ad sp=0x0000000ed82f91a0
Event: 6.150 Thread 0x0000015bad062210 DEOPT UNPACKING pc=0x0000015ba1fd2b24 sp=0x0000000ed82f8700 mode 3
Event: 9.985 Thread 0x0000015bad062210 DEOPT PACKING pc=0x0000015ba293fe99 sp=0x0000000ed82fabc0
Event: 9.985 Thread 0x0000015bad062210 DEOPT UNPACKING pc=0x0000015ba1fd2b24 sp=0x0000000ed82fa0a0 mode 3
Event: 10.484 Thread 0x0000015bad062210 DEOPT PACKING pc=0x0000015ba24465aa sp=0x0000000ed82f9820
Event: 10.484 Thread 0x0000015bad062210 DEOPT UNPACKING pc=0x0000015ba1fd2b24 sp=0x0000000ed82f8d28 mode 3
Event: 10.485 Thread 0x0000015bad062210 DEOPT PACKING pc=0x0000015ba2434325 sp=0x0000000ed82f97e0
Event: 10.485 Thread 0x0000015bad062210 DEOPT UNPACKING pc=0x0000015ba1fd2b24 sp=0x0000000ed82f8d28 mode 3
Event: 513.761 Thread 0x0000015bae07b3e0 DEOPT PACKING pc=0x0000015ba2afdc83 sp=0x0000000ed7efb800
Event: 513.761 Thread 0x0000015bae07b3e0 DEOPT UNPACKING pc=0x0000015ba1fd2b24 sp=0x0000000ed7efad28 mode 3
Event: 1792.263 Thread 0x0000015bae075d40 DEOPT PACKING pc=0x0000015ba2b2743c sp=0x0000000ed87fdaf0
Event: 1792.263 Thread 0x0000015bae075d40 DEOPT UNPACKING pc=0x0000015ba1fd2b24 sp=0x0000000ed87fcf70 mode 3
Event: 4001.250 Thread 0x0000015bae078d60 DEOPT PACKING pc=0x0000015ba2c00563 sp=0x0000000ed87fd680
Event: 4001.250 Thread 0x0000015bae078d60 DEOPT UNPACKING pc=0x0000015ba1fd2b24 sp=0x0000000ed87fcb10 mode 3

Classes unloaded (7 events):
Event: 7.170 Thread 0x0000015bab9c6650 Unloading class 0x0000000800cd4c00 'java/lang/invoke/LambdaForm$MH+0x0000000800cd4c00'
Event: 7.170 Thread 0x0000015bab9c6650 Unloading class 0x0000000800cd4400 'java/lang/invoke/LambdaForm$MH+0x0000000800cd4400'
Event: 7.170 Thread 0x0000015bab9c6650 Unloading class 0x0000000800cd3800 'java/lang/invoke/LambdaForm$MH+0x0000000800cd3800'
Event: 7.170 Thread 0x0000015bab9c6650 Unloading class 0x0000000800cd3000 'java/lang/invoke/LambdaForm$MH+0x0000000800cd3000'
Event: 7.170 Thread 0x0000015bab9c6650 Unloading class 0x0000000800cd2400 'java/lang/invoke/LambdaForm$MH+0x0000000800cd2400'
Event: 7.170 Thread 0x0000015bab9c6650 Unloading class 0x0000000800cd1c00 'java/lang/invoke/LambdaForm$MH+0x0000000800cd1c00'
Event: 7.170 Thread 0x0000015bab9c6650 Unloading class 0x0000000800cd0c00 'java/lang/invoke/LambdaForm$MH+0x0000000800cd0c00'

Classes redefined (0 events):
No events

Internal exceptions (20 events):
Event: 1801.397 Thread 0x0000015bae074a00 Exception <a 'java/io/IOException'{0x0000000084a43000}> (0x0000000084a43000) 
thrown [t:\workspace\open\src\hotspot\share\prims\jni.cpp, line 516]
Event: 1801.397 Thread 0x0000015bae074a00 Exception <a 'java/io/IOException'{0x0000000084a43d00}> (0x0000000084a43d00) 
thrown [t:\workspace\open\src\hotspot\share\prims\jni.cpp, line 516]
Event: 4001.091 Thread 0x0000015bae076210 Exception <a 'java/io/IOException'{0x00000000844c8b20}> (0x00000000844c8b20) 
thrown [t:\workspace\open\src\hotspot\share\prims\jni.cpp, line 516]
Event: 4001.091 Thread 0x0000015bae076210 Exception <a 'java/io/IOException'{0x00000000844c9820}> (0x00000000844c9820) 
thrown [t:\workspace\open\src\hotspot\share\prims\jni.cpp, line 516]
Event: 4001.092 Thread 0x0000015bae076210 Exception <a 'java/io/IOException'{0x00000000844cc270}> (0x00000000844cc270) 
thrown [t:\workspace\open\src\hotspot\share\prims\jni.cpp, line 516]
Event: 4001.092 Thread 0x0000015bae076210 Exception <a 'java/io/IOException'{0x00000000844ccf70}> (0x00000000844ccf70) 
thrown [t:\workspace\open\src\hotspot\share\prims\jni.cpp, line 516]
Event: 4001.093 Thread 0x0000015bae076210 Exception <a 'java/io/IOException'{0x00000000844cf9c0}> (0x00000000844cf9c0) 
thrown [t:\workspace\open\src\hotspot\share\prims\jni.cpp, line 516]
Event: 4001.093 Thread 0x0000015bae076210 Exception <a 'java/io/IOException'{0x00000000844d06c0}> (0x00000000844d06c0) 
thrown [t:\workspace\open\src\hotspot\share\prims\jni.cpp, line 516]
Event: 4001.094 Thread 0x0000015bae076210 Exception <a 'java/io/IOException'{0x00000000844d3110}> (0x00000000844d3110) 
thrown [t:\workspace\open\src\hotspot\share\prims\jni.cpp, line 516]
Event: 4001.094 Thread 0x0000015bae076210 Exception <a 'java/io/IOException'{0x00000000844d3e10}> (0x00000000844d3e10) 
thrown [t:\workspace\open\src\hotspot\share\prims\jni.cpp, line 516]
Event: 4001.095 Thread 0x0000015bae076210 Exception <a 'java/io/IOException'{0x00000000844d6860}> (0x00000000844d6860) 
thrown [t:\workspace\open\src\hotspot\share\prims\jni.cpp, line 516]
Event: 4001.095 Thread 0x0000015bae076210 Exception <a 'java/io/IOException'{0x00000000844d7560}> (0x00000000844d7560) 
thrown [t:\workspace\open\src\hotspot\share\prims\jni.cpp, line 516]
Event: 4001.096 Thread 0x0000015bae076210 Exception <a 'java/io/IOException'{0x00000000844d9fb0}> (0x00000000844d9fb0) 
thrown [t:\workspace\open\src\hotspot\share\prims\jni.cpp, line 516]
Event: 4001.097 Thread 0x0000015bae076210 Exception <a 'java/io/IOException'{0x00000000844dacb0}> (0x00000000844dacb0) 
thrown [t:\workspace\open\src\hotspot\share\prims\jni.cpp, line 516]
Event: 4001.098 Thread 0x0000015bae076210 Exception <a 'java/io/IOException'{0x00000000844ddf38}> (0x00000000844ddf38) 
thrown [t:\workspace\open\src\hotspot\share\prims\jni.cpp, line 516]
Event: 4001.098 Thread 0x0000015bae076210 Exception <a 'java/io/IOException'{0x00000000844dec38}> (0x00000000844dec38) 
thrown [t:\workspace\open\src\hotspot\share\prims\jni.cpp, line 516]
Event: 4001.099 Thread 0x0000015bae076210 Exception <a 'java/io/IOException'{0x00000000844e1688}> (0x00000000844e1688) 
thrown [t:\workspace\open\src\hotspot\share\prims\jni.cpp, line 516]
Event: 4001.099 Thread 0x0000015bae076210 Exception <a 'java/io/IOException'{0x00000000844e2388}> (0x00000000844e2388) 
thrown [t:\workspace\open\src\hotspot\share\prims\jni.cpp, line 516]
Event: 4001.100 Thread 0x0000015bae076210 Exception <a 'java/io/IOException'{0x00000000844e4dd8}> (0x00000000844e4dd8) 
thrown [t:\workspace\open\src\hotspot\share\prims\jni.cpp, line 516]
Event: 4001.100 Thread 0x0000015bae076210 Exception <a 'java/io/IOException'{0x00000000844e5ad8}> (0x00000000844e5ad8) 
thrown [t:\workspace\open\src\hotspot\share\prims\jni.cpp, line 516]

VM Operations (20 events):
Event: 1801.826 Executing VM operation: Cleanup
Event: 1801.826 Executing VM operation: Cleanup done
Event: 1802.826 Executing VM operation: Cleanup
Event: 1802.826 Executing VM operation: Cleanup done
Event: 2219.328 Executing VM operation: G1CollectForAllocation
Event: 2219.342 Executing VM operation: G1CollectForAllocation done
Event: 3040.848 Executing VM operation: G1CollectForAllocation
Event: 3040.861 Executing VM operation: G1CollectForAllocation done
Event: 4001.325 Executing VM operation: Cleanup
Event: 4001.325 Executing VM operation: Cleanup done
Event: 4002.329 Executing VM operation: Cleanup
Event: 4002.329 Executing VM operation: Cleanup done
Event: 4077.776 Executing VM operation: Cleanup
Event: 4077.777 Executing VM operation: Cleanup done
Event: 4077.837 Executing VM operation: HandshakeAllThreads
Event: 4077.837 Executing VM operation: HandshakeAllThreads done
Event: 4078.837 Executing VM operation: Cleanup
Event: 4078.837 Executing VM operation: Cleanup done
Event: 4082.397 Executing VM operation: G1CollectForAllocation
Event: 4082.409 Executing VM operation: G1CollectForAllocation done

Events (20 events):
Event: 1778.840 Thread 0x0000015bae078d60 Thread added: 0x0000015bae078d60
Event: 1778.840 Thread 0x0000015bae075d40 Thread added: 0x0000015bae075d40
Event: 1797.248 Thread 0x0000015bae078d60 Thread exited: 0x0000015bae078d60
Event: 1797.280 Thread 0x0000015bae075d40 Thread exited: 0x0000015bae075d40
Event: 1798.987 Thread 0x0000015bae074a00 Thread added: 0x0000015bae074a00
Event: 1798.987 Thread 0x0000015bae078d60 Thread added: 0x0000015bae078d60
Event: 1807.305 Thread 0x0000015bae074a00 Thread exited: 0x0000015bae074a00
Event: 1807.353 Thread 0x0000015bae078d60 Thread exited: 0x0000015bae078d60
Event: 3061.384 Thread 0x0000015bae075d40 Thread added: 0x0000015bae075d40
Event: 3136.572 Thread 0x0000015bae076bb0 Thread exited: 0x0000015bae076bb0
Event: 4001.057 Thread 0x0000015bae076210 Thread added: 0x0000015bae076210
Event: 4001.057 Thread 0x0000015bae078d60 Thread added: 0x0000015bae078d60
Event: 4006.102 Thread 0x0000015bae076210 Thread exited: 0x0000015bae076210
Event: 4006.681 Thread 0x0000015bae078d60 Thread exited: 0x0000015bae078d60
Event: 4077.789 loading class java/io/WriteAbortedException
Event: 4077.810 loading class java/io/WriteAbortedException done
Event: 4077.825 loading class sun/security/provider/SecureRandom
Event: 4077.826 loading class sun/security/provider/SecureRandom done
Event: 4077.838 loading class sun/security/provider/SecureRandom$SeederHolder
Event: 4077.838 loading class sun/security/provider/SecureRandom$SeederHolder done


Dynamic libraries:
0x00007ff68aa10000 - 0x00007ff68aa1e000 	C:\JAVA\jdk17\bin\java.exe
0x00007fffb7e10000 - 0x00007fffb8008000 	C:\WINDOWS\SYSTEM32\ntdll.dll
0x00007fffb7050000 - 0x00007fffb7111000 	C:\WINDOWS\System32\KERNEL32.DLL
0x00007fffb5760000 - 0x00007fffb5a5d000 	C:\WINDOWS\System32\KERNELBASE.dll
0x00007fffb5d40000 - 0x00007fffb5e40000 	C:\WINDOWS\System32\ucrtbase.dll
0x00007fffa72a0000 - 0x00007fffa72b8000 	C:\JAVA\jdk17\bin\jli.dll
0x00007fffb7c30000 - 0x00007fffb7dcd000 	C:\WINDOWS\System32\USER32.dll
0x00007fffb5670000 - 0x00007fffb5692000 	C:\WINDOWS\System32\win32u.dll
0x00007fffb63b0000 - 0x00007fffb63db000 	C:\WINDOWS\System32\GDI32.dll
0x00007fffb54c0000 - 0x00007fffb55d7000 	C:\WINDOWS\System32\gdi32full.dll
0x00007fffb5a60000 - 0x00007fffb5afd000 	C:\WINDOWS\System32\msvcp_win.dll
0x00007fff9f820000 - 0x00007fff9f83a000 	C:\JAVA\jdk17\bin\VCRUNTIME140.dll
0x00007fffab1b0000 - 0x00007fffab44a000 	C:\WINDOWS\WinSxS\amd64_microsoft.windows.common-controls_6595b64144ccf1df_6.0.19041.4355_none_60b8b9eb71f62e16\COMCTL32.dll
0x00007fffb6760000 - 0x00007fffb67fe000 	C:\WINDOWS\System32\msvcrt.dll
0x00007fffb6520000 - 0x00007fffb654f000 	C:\WINDOWS\System32\IMM32.DLL
0x00007fffafe90000 - 0x00007fffafe9c000 	C:\JAVA\jdk17\bin\vcruntime140_1.dll
0x00007fff94e40000 - 0x00007fff94ecd000 	C:\JAVA\jdk17\bin\msvcp140.dll
0x00007fff81cf0000 - 0x00007fff828b1000 	C:\JAVA\jdk17\bin\server\jvm.dll
0x00007fffb7970000 - 0x00007fffb7a20000 	C:\WINDOWS\System32\ADVAPI32.dll
0x00007fffb6860000 - 0x00007fffb6900000 	C:\WINDOWS\System32\sechost.dll
0x00007fffb6a20000 - 0x00007fffb6b43000 	C:\WINDOWS\System32\RPCRT4.dll
0x00007fffb5d10000 - 0x00007fffb5d37000 	C:\WINDOWS\System32\bcrypt.dll
0x00007fffb5e40000 - 0x00007fffb5e48000 	C:\WINDOWS\System32\PSAPI.DLL
0x00007fff9dad0000 - 0x00007fff9dad9000 	C:\WINDOWS\SYSTEM32\WSOCK32.dll
0x00007fffb7bc0000 - 0x00007fffb7c2b000 	C:\WINDOWS\System32\WS2_32.dll
0x00007fffab460000 - 0x00007fffab487000 	C:\WINDOWS\SYSTEM32\WINMM.dll
0x00007fffabf00000 - 0x00007fffabf0a000 	C:\WINDOWS\SYSTEM32\VERSION.dll
0x00007fffb2e80000 - 0x00007fffb2e92000 	C:\WINDOWS\SYSTEM32\kernel.appcore.dll
0x00007fffaa6b0000 - 0x00007fffaa6ba000 	C:\JAVA\jdk17\bin\jimage.dll
0x00007fffa3060000 - 0x00007fffa3244000 	C:\WINDOWS\SYSTEM32\DBGHELP.DLL
0x00007fffa2dd0000 - 0x00007fffa2e04000 	C:\WINDOWS\SYSTEM32\dbgcore.DLL
0x00007fffb55e0000 - 0x00007fffb5662000 	C:\WINDOWS\System32\bcryptPrimitives.dll
0x00007fffafe20000 - 0x00007fffafe2e000 	C:\JAVA\jdk17\bin\instrument.dll
0x00007fff9f7f0000 - 0x00007fff9f815000 	C:\JAVA\jdk17\bin\java.dll
0x00007fff94d60000 - 0x00007fff94e36000 	C:\JAVA\jdk17\bin\jsvml.dll
0x00007fffb7120000 - 0x00007fffb788f000 	C:\WINDOWS\System32\SHELL32.dll
0x00007fffb3080000 - 0x00007fffb381f000 	C:\WINDOWS\SYSTEM32\windows.storage.dll
0x00007fffb6b50000 - 0x00007fffb6ea3000 	C:\WINDOWS\System32\combase.dll
0x00007fffb4e40000 - 0x00007fffb4e6e000 	C:\WINDOWS\SYSTEM32\Wldp.dll
0x00007fffb6eb0000 - 0x00007fffb6f7d000 	C:\WINDOWS\System32\OLEAUT32.dll
0x00007fffb6fa0000 - 0x00007fffb704d000 	C:\WINDOWS\System32\SHCORE.dll
0x00007fffb7890000 - 0x00007fffb78e5000 	C:\WINDOWS\System32\shlwapi.dll
0x00007fffb53f0000 - 0x00007fffb5414000 	C:\WINDOWS\SYSTEM32\profapi.dll
0x00007fff9f740000 - 0x00007fff9f758000 	C:\JAVA\jdk17\bin\zip.dll
0x00007fff9e510000 - 0x00007fff9e529000 	C:\JAVA\jdk17\bin\net.dll
0x00007fffabc70000 - 0x00007fffabd7d000 	C:\WINDOWS\SYSTEM32\WINHTTP.dll
0x00007fffb4b10000 - 0x00007fffb4b7a000 	C:\WINDOWS\system32\mswsock.dll
0x00007fff9d600000 - 0x00007fff9d616000 	C:\JAVA\jdk17\bin\nio.dll
0x00007fffafe00000 - 0x00007fffafe1a000 	C:\Program Files\JetBrains\IntelliJ IDEA 2024.3\bin\breakgen64.dll
0x00007fffb4830000 - 0x00007fffb48fa000 	C:\WINDOWS\SYSTEM32\DNSAPI.dll
0x00007fffb47f0000 - 0x00007fffb482b000 	C:\WINDOWS\SYSTEM32\IPHLPAPI.DLL
0x00007fffb6510000 - 0x00007fffb6518000 	C:\WINDOWS\System32\NSI.dll
0x00007fffab0a0000 - 0x00007fffab0aa000 	C:\Windows\System32\rasadhlp.dll
0x00007fffa87a0000 - 0x00007fffa8820000 	C:\WINDOWS\System32\fwpuclnt.dll
0x00007fffafdf0000 - 0x00007fffafdf9000 	C:\JAVA\jdk17\bin\management.dll
0x00007fffafde0000 - 0x00007fffafdeb000 	C:\JAVA\jdk17\bin\management_ext.dll
0x00007fffb4d30000 - 0x00007fffb4d48000 	C:\WINDOWS\SYSTEM32\CRYPTSP.dll
0x00007fffb4d10000 - 0x00007fffb4d27000 	C:\Program Files\Common Files\Crypto Pro\AppCompat\cpadvai.dll
0x00007fffb4430000 - 0x00007fffb4464000 	C:\WINDOWS\system32\rsaenh.dll
0x00007fffb53a0000 - 0x00007fffb53ce000 	C:\WINDOWS\SYSTEM32\USERENV.dll
0x00007fffb4d50000 - 0x00007fffb4d5c000 	C:\WINDOWS\SYSTEM32\CRYPTBASE.dll
0x00007fffadc50000 - 0x00007fffadc67000 	C:\WINDOWS\SYSTEM32\dhcpcsvc6.DLL
0x00007fffadc30000 - 0x00007fffadc4d000 	C:\WINDOWS\SYSTEM32\dhcpcsvc.DLL
0x00007fff9fc40000 - 0x00007fff9fc57000 	C:\WINDOWS\system32\napinsp.dll
0x00007fff9fc20000 - 0x00007fff9fc3b000 	C:\WINDOWS\system32\pnrpnsp.dll
0x00007fffafd50000 - 0x00007fffafd65000 	C:\WINDOWS\system32\wshbth.dll
0x00007fffafd90000 - 0x00007fffafdad000 	C:\WINDOWS\system32\NLAapi.dll
0x00007fff9fc00000 - 0x00007fff9fc12000 	C:\WINDOWS\System32\winrnr.dll
0x00007fffa18e0000 - 0x00007fffa18f0000 	C:\JAVA\jdk17\bin\verify.dll
0x00007fff9b4d0000 - 0x00007fff9b523000 	C:\WINDOWS\SYSTEM32\pdh.dll
0x00007fffafdd0000 - 0x00007fffafddf000 	C:\WINDOWS\System32\perfproc.dll
0x00007fffafdc0000 - 0x00007fffafdce000 	C:\JAVA\jdk17\bin\sunmscapi.dll
0x00007fffb5bb0000 - 0x00007fffb5d0e000 	C:\WINDOWS\System32\CRYPT32.dll
0x00007fffb4eb0000 - 0x00007fffb4ed9000 	C:\WINDOWS\SYSTEM32\ncrypt.dll
0x00007fffb4ee0000 - 0x00007fffb4f01000 	C:\Program Files\Common Files\Crypto Pro\AppCompat\cpcrypt.dll
0x00007fffb4e70000 - 0x00007fffb4eab000 	C:\WINDOWS\SYSTEM32\NTASN1.dll
0x00007fffa6b60000 - 0x00007fffa6b67000 	C:\WINDOWS\system32\wshunix.dll

dbghelp: loaded successfully - version: 4.0.5 - missing functions: none
symbol engine: initialized successfully - sym options: 0x614 - pdb path: .;C:\JAVA\jdk17\bin;C:\WINDOWS\SYSTEM32;C:\WINDOWS\WinSxS\amd64_microsoft.windows.common-controls_6595b64144ccf1df_6.0.19041.4355_none_60b8b9eb71f62e16;C:\JAVA\jdk17\bin\server;C:\Program Files\JetBrains\IntelliJ IDEA 2024.3\bin;C:\Program Files\Common Files\Crypto Pro\AppCompat

VM Arguments:
jvm_args: -XX:TieredStopAtLevel=1 -Dspring.output.ansi.enabled=always -Dcom.sun.management.jmxremote -Dspring.jmx.enabled=true -Dspring.liveBeansView.mbeanDomain -Dspring.application.admin.enabled=true -Dmanagement.endpoints.jmx.exposure.include=* -javaagent:C:\Program Files\JetBrains\IntelliJ IDEA 2024.3\lib\idea_rt.jar=5677:C:\Program Files\JetBrains\IntelliJ IDEA 2024.3\bin -Dfile.encoding=UTF-8 
java_command: ru.kata.spring.boot_security.demo.SpringBootSecurityDemoApplication
java_class_path (initial): C:\Users\shepelevvp\IdeaProjects\PP_3_1_4_REST_API\target\classes;C:\Users\shepelevvp\.m2\repository\org\springframework\boot\spring-boot-starter-thymeleaf\2.6.2\spring-boot-starter-thymeleaf-2.6.2.jar;C:\Users\shepelevvp\.m2\repository\org\springframework\boot\spring-boot-starter\2.6.2\spring-boot-starter-2.6.2.jar;C:\Users\shepelevvp\.m2\repository\org\springframework\boot\spring-boot-starter-logging\2.6.2\spring-boot-starter-logging-2.6.2.jar;C:\Users\shepelevvp\.m2\repository\ch\qos\logback\logback-classic\1.2.9\logback-classic-1.2.9.jar;C:\Users\shepelevvp\.m2\repository\ch\qos\logback\logback-core\1.2.9\logback-core-1.2.9.jar;C:\Users\shepelevvp\.m2\repository\org\apache\logging\log4j\log4j-to-slf4j\2.17.0\log4j-to-slf4j-2.17.0.jar;C:\Users\shepelevvp\.m2\repository\org\apache\logging\log4j\log4j-api\2.17.0\log4j-api-2.17.0.jar;C:\Users\shepelevvp\.m2\repository\org\slf4j\jul-to-slf4j\1.7.32\jul-to-slf4j-1.7.32.jar;C:\Users\shepelevvp\.m2\repository\jakarta\annotation\jakarta.annotation-api\1.3.5\jakarta.annotation-api-1.3.5.jar;C:\Users\shepelevvp\.m2\repository\org\yaml\snakeyaml\1.29\snakeyaml-1.29.jar;C:\Users\shepelevvp\.m2\repository\org\thymeleaf\thymeleaf-spring5\3.0.14.RELEASE\thymeleaf-spring5-3.0.14.RELEASE.jar;C:\Users\shepelevvp\.m2\repository\org\thymeleaf\thymeleaf\3.0.14.RELEASE\thymeleaf-3.0.14.RELEASE.jar;C:\Users\shepelevvp\.m2\repository\org\attoparser\attoparser\2.0.5.RELEASE\attoparser-2.0.5.RELEASE.jar;C:\Users\shepelevvp\.m2\repository\org\unbescape\unbescape\1.1.6.RELEASE\unbescape-1.1.6.RELEASE.jar;C:\Users\shepelevvp\.m2\repository\org\slf4j\slf4j-api\1.7.32\slf4j-api-1.7.32.jar;C:\Users\shepelevvp\.m2\repository\org\thymeleaf\extras\thymeleaf-extras-java8time\3.0.4.RELEASE\thymeleaf-extras-java8time-3.0.4.RELEASE.jar;C:\Users\shepelevvp\.m2\repository\org\springframework\boot\spring-boot-starter-web\2.6.2\spring-boot-starter-web-2.6.2.jar;C:\Users\shepelevvp\.m2\repository\org\springframework\boot\spring
Launcher Type: SUN_STANDARD

[Global flags]
     intx CICompilerCount                          = 2                                         {product} {ergonomic}
     uint ConcGCThreads                            = 1                                         {product} {ergonomic}
     uint G1ConcRefinementThreads                  = 2                                         {product} {ergonomic}
   size_t G1HeapRegionSize                         = 1048576                                   {product} {ergonomic}
    uintx GCDrainStackTargetSize                   = 64                                        {product} {ergonomic}
   size_t InitialHeapSize                          = 134217728                                 {product} {ergonomic}
     bool ManagementServer                         = true                                      {product} {command line}
   size_t MarkStackSize                            = 4194304                                   {product} {ergonomic}
   size_t MaxHeapSize                              = 2147483648                                {product} {ergonomic}
   size_t MaxNewSize                               = 1287651328                                {product} {ergonomic}
   size_t MinHeapDeltaBytes                        = 1048576                                   {product} {ergonomic}
   size_t MinHeapSize                              = 8388608                                   {product} {ergonomic}
    uintx NonProfiledCodeHeapSize                  = 0                                      {pd product} {ergonomic}
     bool ProfileInterpreter                       = false                                  {pd product} {command line}
    uintx ProfiledCodeHeapSize                     = 0                                      {pd product} {ergonomic}
   size_t SoftMaxHeapSize                          = 2147483648                             {manageable} {ergonomic}
     intx TieredStopAtLevel                        = 1                                         {product} {command line}
     bool UseCompressedClassPointers               = true                           {product lp64_product} {ergonomic}
     bool UseCompressedOops                        = true                           {product lp64_product} {ergonomic}
     bool UseG1GC                                  = true                                      {product} {ergonomic}
     bool UseLargePagesIndividualAllocation        = false                                  {pd product} {ergonomic}

Logging:
Log output configuration:
 #0: stdout all=warning uptime,level,tags
 #1: stderr all=off uptime,level,tags

Environment Variables:
JAVA_HOME=C:\JAVA\jdk17
PATH=C:\WINDOWS\system32;C:\WINDOWS;C:\WINDOWS\System32\Wbem;C:\WINDOWS\System32\WindowsPowerShell\v1.0\;C:\WINDOWS\System32\OpenSSH\;C:\JAVA\jdk17\bin;C:\Program Files\Git\cmd;C:\KataProgram\maven\bin;C:\Program Files\WireGuard\;C:\Program Files\nodejs\;C:\Users\shepelevvp\AppData\Local\Microsoft\WindowsApps;C:\WINDOWS\system32;C:\Program Files\JetBrains\IntelliJ IDEA Community Edition 2024.2.1\bin;;C:\KataProgram\maven\bin;;C:\Program Files\JetBrains\IntelliJ IDEA 2024.3\bin;;C:\Users\shepelevvp\AppData\Roaming\npm
USERNAME=shepelevvp
OS=Windows_NT
PROCESSOR_IDENTIFIER=Intel64 Family 6 Model 23 Stepping 10, GenuineIntel



---------------  S Y S T E M  ---------------

OS:
 Windows 10 , 64 bit Build 19041 (10.0.19041.4717)
OS uptime: 0 days 3:38 hours

CPU: total 2 (initial active 2) (2 cores per cpu, 1 threads per core) family 6 model 23 stepping 10 microcode 0xa0c, cx8, cmov, fxsr, mmx, sse, sse2, sse3, ssse3, sse4.1, tsc, clflush

Memory: 4k page, system-wide physical 8191M (2314M free)
TotalPageFile size 11391M (AvailPageFile size 3066M)
current process WorkingSet (physical memory assigned to process): 182M, peak: 244M
current process commit charge ("private bytes"): 275M, peak: 291M

vm_info: OpenJDK 64-Bit Server VM (17.0.2+8-86) for windows-amd64 JRE (17.0.2+8-86), built on Dec  7 2021 21:49:10 by "mach5one" with MS VC++ 16.8 / 16.9 (VS2019)

END.
